TN:
SF:/Users/apple/Desktop/CODE4STX/sweetheart/FUNDFLOW/fundflow-smartcontract/contracts/fundflow-core.clar
FN:65,get-campaign
FN:69,get-milestone
FN:73,get-investment
FN:77,get-platform-fee-percent
FN:81,get-total-platform-fees
FN:85,calculate-platform-fee
FN:92,create-campaign
FN:127,invest-in-campaign
FN:164,add-milestone
FN:200,vote-on-milestone
FN:234,release-milestone-funds
FN:256,withdraw-platform-fees
FN:269,set-platform-fee-percent
FNF:13
FNH:0
DA:65,0
DA:66,0
DA:69,0
DA:70,0
DA:73,0
DA:74,0
DA:77,0
DA:78,0
DA:81,0
DA:82,0
DA:85,0
DA:86,0
DA:92,0
DA:97,0
DA:98,0
DA:99,0
DA:100,0
DA:102,0
DA:103,0
DA:105,0
DA:106,0
DA:107,0
DA:108,0
DA:109,0
DA:110,0
DA:111,0
DA:112,0
DA:116,0
DA:117,0
DA:118,0
DA:121,0
DA:122,0
DA:127,0
DA:128,0
DA:129,0
DA:130,0
DA:131,0
DA:132,0
DA:134,0
DA:135,0
DA:136,0
DA:139,0
DA:142,0
DA:143,0
DA:145,0
DA:146,0
DA:151,0
DA:152,0
DA:153,0
DA:157,0
DA:159,0
DA:164,0
DA:170,0
DA:171,0
DA:172,0
DA:174,0
DA:175,0
DA:177,0
DA:178,0
DA:180,0
DA:181,0
DA:182,0
DA:183,0
DA:184,0
DA:185,0
DA:186,0
DA:190,0
DA:191,0
DA:192,0
DA:195,0
DA:200,0
DA:204,0
DA:205,0
DA:206,0
DA:208,0
DA:209,0
DA:212,0
DA:213,0
DA:214,0
DA:218,0
DA:219,0
DA:220,0
DA:221,0
DA:223,0
DA:224,0
DA:225,0
DA:229,0
DA:234,0
DA:235,0
DA:236,0
DA:238,0
DA:239,0
DA:240,0
DA:243,0
DA:246,0
DA:247,0
DA:248,0
DA:251,0
DA:256,0
DA:257,0
DA:258,0
DA:259,0
DA:261,0
DA:262,0
DA:264,0
DA:269,0
DA:270,0
DA:271,0
DA:272,0
DA:273,0
DA:274,0
BRF:18
BRH:0
BRDA:99,316,0,0
BRDA:100,323,0,0
BRDA:134,438,0,0
BRDA:135,445,0,0
BRDA:136,455,0,0
BRDA:174,576,0,0
BRDA:175,586,0,0
BRDA:208,689,0,0
BRDA:209,699,0,0
BRDA:219,728,0,0
BRDA:223,728,1,0
BRDA:238,814,0,0
BRDA:239,824,0,0
BRDA:240,837,0,0
BRDA:258,899,0,0
BRDA:259,906,0,0
BRDA:271,938,0,0
BRDA:272,945,0,0
end_of_record
TN:tests/fundflow-core.test.ts__FundFlow Core Contract__Platform Configuration__should have correct initial platform fee (2.5%)
SF:/Users/apple/Desktop/CODE4STX/sweetheart/FUNDFLOW/fundflow-smartcontract/contracts/fundflow-core.clar
FN:65,get-campaign
FN:69,get-milestone
FN:73,get-investment
FN:77,get-platform-fee-percent
FN:81,get-total-platform-fees
FN:85,calculate-platform-fee
FN:92,create-campaign
FN:127,invest-in-campaign
FN:164,add-milestone
FN:200,vote-on-milestone
FN:234,release-milestone-funds
FN:256,withdraw-platform-fees
FN:269,set-platform-fee-percent
FNDA:1,get-platform-fee-percent
FNF:13
FNH:1
DA:65,0
DA:66,0
DA:69,0
DA:70,0
DA:73,0
DA:74,0
DA:77,1
DA:78,1
DA:81,0
DA:82,0
DA:85,0
DA:86,0
DA:92,0
DA:97,0
DA:98,0
DA:99,0
DA:100,0
DA:102,0
DA:103,0
DA:105,0
DA:106,0
DA:107,0
DA:108,0
DA:109,0
DA:110,0
DA:111,0
DA:112,0
DA:116,0
DA:117,0
DA:118,0
DA:121,0
DA:122,0
DA:127,0
DA:128,0
DA:129,0
DA:130,0
DA:131,0
DA:132,0
DA:134,0
DA:135,0
DA:136,0
DA:139,0
DA:142,0
DA:143,0
DA:145,0
DA:146,0
DA:151,0
DA:152,0
DA:153,0
DA:157,0
DA:159,0
DA:164,0
DA:170,0
DA:171,0
DA:172,0
DA:174,0
DA:175,0
DA:177,0
DA:178,0
DA:180,0
DA:181,0
DA:182,0
DA:183,0
DA:184,0
DA:185,0
DA:186,0
DA:190,0
DA:191,0
DA:192,0
DA:195,0
DA:200,0
DA:204,0
DA:205,0
DA:206,0
DA:208,0
DA:209,0
DA:212,0
DA:213,0
DA:214,0
DA:218,0
DA:219,0
DA:220,0
DA:221,0
DA:223,0
DA:224,0
DA:225,0
DA:229,0
DA:234,0
DA:235,0
DA:236,0
DA:238,0
DA:239,0
DA:240,0
DA:243,0
DA:246,0
DA:247,0
DA:248,0
DA:251,0
DA:256,0
DA:257,0
DA:258,0
DA:259,0
DA:261,0
DA:262,0
DA:264,0
DA:269,0
DA:270,0
DA:271,0
DA:272,0
DA:273,0
DA:274,0
BRF:18
BRH:0
BRDA:99,316,0,0
BRDA:100,323,0,0
BRDA:134,438,0,0
BRDA:135,445,0,0
BRDA:136,455,0,0
BRDA:174,576,0,0
BRDA:175,586,0,0
BRDA:208,689,0,0
BRDA:209,699,0,0
BRDA:219,728,0,0
BRDA:223,728,1,0
BRDA:238,814,0,0
BRDA:239,824,0,0
BRDA:240,837,0,0
BRDA:258,899,0,0
BRDA:259,906,0,0
BRDA:271,938,0,0
BRDA:272,945,0,0
end_of_record

TN:
SF:/Users/apple/Desktop/CODE4STX/sweetheart/FUNDFLOW/fundflow-smartcontract/contracts/fundflow-core.clar
FN:65,get-campaign
FN:69,get-milestone
FN:73,get-investment
FN:77,get-platform-fee-percent
FN:81,get-total-platform-fees
FN:85,calculate-platform-fee
FN:92,create-campaign
FN:127,invest-in-campaign
FN:164,add-milestone
FN:200,vote-on-milestone
FN:234,release-milestone-funds
FN:256,withdraw-platform-fees
FN:269,set-platform-fee-percent
FNF:13
FNH:0
DA:65,0
DA:66,0
DA:69,0
DA:70,0
DA:73,0
DA:74,0
DA:77,0
DA:78,0
DA:81,0
DA:82,0
DA:85,0
DA:86,0
DA:92,0
DA:97,0
DA:98,0
DA:99,0
DA:100,0
DA:102,0
DA:103,0
DA:105,0
DA:106,0
DA:107,0
DA:108,0
DA:109,0
DA:110,0
DA:111,0
DA:112,0
DA:116,0
DA:117,0
DA:118,0
DA:121,0
DA:122,0
DA:127,0
DA:128,0
DA:129,0
DA:130,0
DA:131,0
DA:132,0
DA:134,0
DA:135,0
DA:136,0
DA:139,0
DA:142,0
DA:143,0
DA:145,0
DA:146,0
DA:151,0
DA:152,0
DA:153,0
DA:157,0
DA:159,0
DA:164,0
DA:170,0
DA:171,0
DA:172,0
DA:174,0
DA:175,0
DA:177,0
DA:178,0
DA:180,0
DA:181,0
DA:182,0
DA:183,0
DA:184,0
DA:185,0
DA:186,0
DA:190,0
DA:191,0
DA:192,0
DA:195,0
DA:200,0
DA:204,0
DA:205,0
DA:206,0
DA:208,0
DA:209,0
DA:212,0
DA:213,0
DA:214,0
DA:218,0
DA:219,0
DA:220,0
DA:221,0
DA:223,0
DA:224,0
DA:225,0
DA:229,0
DA:234,0
DA:235,0
DA:236,0
DA:238,0
DA:239,0
DA:240,0
DA:243,0
DA:246,0
DA:247,0
DA:248,0
DA:251,0
DA:256,0
DA:257,0
DA:258,0
DA:259,0
DA:261,0
DA:262,0
DA:264,0
DA:269,0
DA:270,0
DA:271,0
DA:272,0
DA:273,0
DA:274,0
BRF:18
BRH:0
BRDA:99,316,0,0
BRDA:100,323,0,0
BRDA:134,438,0,0
BRDA:135,445,0,0
BRDA:136,455,0,0
BRDA:174,576,0,0
BRDA:175,586,0,0
BRDA:208,689,0,0
BRDA:209,699,0,0
BRDA:219,728,0,0
BRDA:223,728,1,0
BRDA:238,814,0,0
BRDA:239,824,0,0
BRDA:240,837,0,0
BRDA:258,899,0,0
BRDA:259,906,0,0
BRDA:271,938,0,0
BRDA:272,945,0,0
end_of_record
TN:tests/fundflow-core.test.ts__FundFlow Core Contract__Platform Configuration__should calculate platform fee correctly
SF:/Users/apple/Desktop/CODE4STX/sweetheart/FUNDFLOW/fundflow-smartcontract/contracts/fundflow-core.clar
FN:65,get-campaign
FN:69,get-milestone
FN:73,get-investment
FN:77,get-platform-fee-percent
FN:81,get-total-platform-fees
FN:85,calculate-platform-fee
FN:92,create-campaign
FN:127,invest-in-campaign
FN:164,add-milestone
FN:200,vote-on-milestone
FN:234,release-milestone-funds
FN:256,withdraw-platform-fees
FN:269,set-platform-fee-percent
FNDA:1,calculate-platform-fee
FNF:13
FNH:1
DA:65,0
DA:66,0
DA:69,0
DA:70,0
DA:73,0
DA:74,0
DA:77,0
DA:78,0
DA:81,0
DA:82,0
DA:85,1
DA:86,1
DA:92,0
DA:97,0
DA:98,0
DA:99,0
DA:100,0
DA:102,0
DA:103,0
DA:105,0
DA:106,0
DA:107,0
DA:108,0
DA:109,0
DA:110,0
DA:111,0
DA:112,0
DA:116,0
DA:117,0
DA:118,0
DA:121,0
DA:122,0
DA:127,0
DA:128,0
DA:129,0
DA:130,0
DA:131,0
DA:132,0
DA:134,0
DA:135,0
DA:136,0
DA:139,0
DA:142,0
DA:143,0
DA:145,0
DA:146,0
DA:151,0
DA:152,0
DA:153,0
DA:157,0
DA:159,0
DA:164,0
DA:170,0
DA:171,0
DA:172,0
DA:174,0
DA:175,0
DA:177,0
DA:178,0
DA:180,0
DA:181,0
DA:182,0
DA:183,0
DA:184,0
DA:185,0
DA:186,0
DA:190,0
DA:191,0
DA:192,0
DA:195,0
DA:200,0
DA:204,0
DA:205,0
DA:206,0
DA:208,0
DA:209,0
DA:212,0
DA:213,0
DA:214,0
DA:218,0
DA:219,0
DA:220,0
DA:221,0
DA:223,0
DA:224,0
DA:225,0
DA:229,0
DA:234,0
DA:235,0
DA:236,0
DA:238,0
DA:239,0
DA:240,0
DA:243,0
DA:246,0
DA:247,0
DA:248,0
DA:251,0
DA:256,0
DA:257,0
DA:258,0
DA:259,0
DA:261,0
DA:262,0
DA:264,0
DA:269,0
DA:270,0
DA:271,0
DA:272,0
DA:273,0
DA:274,0
BRF:18
BRH:0
BRDA:99,316,0,0
BRDA:100,323,0,0
BRDA:134,438,0,0
BRDA:135,445,0,0
BRDA:136,455,0,0
BRDA:174,576,0,0
BRDA:175,586,0,0
BRDA:208,689,0,0
BRDA:209,699,0,0
BRDA:219,728,0,0
BRDA:223,728,1,0
BRDA:238,814,0,0
BRDA:239,824,0,0
BRDA:240,837,0,0
BRDA:258,899,0,0
BRDA:259,906,0,0
BRDA:271,938,0,0
BRDA:272,945,0,0
end_of_record

TN:
SF:/Users/apple/Desktop/CODE4STX/sweetheart/FUNDFLOW/fundflow-smartcontract/contracts/fundflow-core.clar
FN:65,get-campaign
FN:69,get-milestone
FN:73,get-investment
FN:77,get-platform-fee-percent
FN:81,get-total-platform-fees
FN:85,calculate-platform-fee
FN:92,create-campaign
FN:127,invest-in-campaign
FN:164,add-milestone
FN:200,vote-on-milestone
FN:234,release-milestone-funds
FN:256,withdraw-platform-fees
FN:269,set-platform-fee-percent
FNF:13
FNH:0
DA:65,0
DA:66,0
DA:69,0
DA:70,0
DA:73,0
DA:74,0
DA:77,0
DA:78,0
DA:81,0
DA:82,0
DA:85,0
DA:86,0
DA:92,0
DA:97,0
DA:98,0
DA:99,0
DA:100,0
DA:102,0
DA:103,0
DA:105,0
DA:106,0
DA:107,0
DA:108,0
DA:109,0
DA:110,0
DA:111,0
DA:112,0
DA:116,0
DA:117,0
DA:118,0
DA:121,0
DA:122,0
DA:127,0
DA:128,0
DA:129,0
DA:130,0
DA:131,0
DA:132,0
DA:134,0
DA:135,0
DA:136,0
DA:139,0
DA:142,0
DA:143,0
DA:145,0
DA:146,0
DA:151,0
DA:152,0
DA:153,0
DA:157,0
DA:159,0
DA:164,0
DA:170,0
DA:171,0
DA:172,0
DA:174,0
DA:175,0
DA:177,0
DA:178,0
DA:180,0
DA:181,0
DA:182,0
DA:183,0
DA:184,0
DA:185,0
DA:186,0
DA:190,0
DA:191,0
DA:192,0
DA:195,0
DA:200,0
DA:204,0
DA:205,0
DA:206,0
DA:208,0
DA:209,0
DA:212,0
DA:213,0
DA:214,0
DA:218,0
DA:219,0
DA:220,0
DA:221,0
DA:223,0
DA:224,0
DA:225,0
DA:229,0
DA:234,0
DA:235,0
DA:236,0
DA:238,0
DA:239,0
DA:240,0
DA:243,0
DA:246,0
DA:247,0
DA:248,0
DA:251,0
DA:256,0
DA:257,0
DA:258,0
DA:259,0
DA:261,0
DA:262,0
DA:264,0
DA:269,0
DA:270,0
DA:271,0
DA:272,0
DA:273,0
DA:274,0
BRF:18
BRH:0
BRDA:99,316,0,0
BRDA:100,323,0,0
BRDA:134,438,0,0
BRDA:135,445,0,0
BRDA:136,455,0,0
BRDA:174,576,0,0
BRDA:175,586,0,0
BRDA:208,689,0,0
BRDA:209,699,0,0
BRDA:219,728,0,0
BRDA:223,728,1,0
BRDA:238,814,0,0
BRDA:239,824,0,0
BRDA:240,837,0,0
BRDA:258,899,0,0
BRDA:259,906,0,0
BRDA:271,938,0,0
BRDA:272,945,0,0
end_of_record
TN:tests/fundflow-core.test.ts__FundFlow Core Contract__Platform Configuration__should allow owner to update platform fee
SF:/Users/apple/Desktop/CODE4STX/sweetheart/FUNDFLOW/fundflow-smartcontract/contracts/fundflow-core.clar
FN:65,get-campaign
FN:69,get-milestone
FN:73,get-investment
FN:77,get-platform-fee-percent
FN:81,get-total-platform-fees
FN:85,calculate-platform-fee
FN:92,create-campaign
FN:127,invest-in-campaign
FN:164,add-milestone
FN:200,vote-on-milestone
FN:234,release-milestone-funds
FN:256,withdraw-platform-fees
FN:269,set-platform-fee-percent
FNDA:1,get-platform-fee-percent
FNDA:1,set-platform-fee-percent
FNF:13
FNH:2
DA:65,0
DA:66,0
DA:69,0
DA:70,0
DA:73,0
DA:74,0
DA:77,1
DA:78,1
DA:81,0
DA:82,0
DA:85,0
DA:86,0
DA:92,0
DA:97,0
DA:98,0
DA:99,0
DA:100,0
DA:102,0
DA:103,0
DA:105,0
DA:106,0
DA:107,0
DA:108,0
DA:109,0
DA:110,0
DA:111,0
DA:112,0
DA:116,0
DA:117,0
DA:118,0
DA:121,0
DA:122,0
DA:127,0
DA:128,0
DA:129,0
DA:130,0
DA:131,0
DA:132,0
DA:134,0
DA:135,0
DA:136,0
DA:139,0
DA:142,0
DA:143,0
DA:145,0
DA:146,0
DA:151,0
DA:152,0
DA:153,0
DA:157,0
DA:159,0
DA:164,0
DA:170,0
DA:171,0
DA:172,0
DA:174,0
DA:175,0
DA:177,0
DA:178,0
DA:180,0
DA:181,0
DA:182,0
DA:183,0
DA:184,0
DA:185,0
DA:186,0
DA:190,0
DA:191,0
DA:192,0
DA:195,0
DA:200,0
DA:204,0
DA:205,0
DA:206,0
DA:208,0
DA:209,0
DA:212,0
DA:213,0
DA:214,0
DA:218,0
DA:219,0
DA:220,0
DA:221,0
DA:223,0
DA:224,0
DA:225,0
DA:229,0
DA:234,0
DA:235,0
DA:236,0
DA:238,0
DA:239,0
DA:240,0
DA:243,0
DA:246,0
DA:247,0
DA:248,0
DA:251,0
DA:256,0
DA:257,0
DA:258,0
DA:259,0
DA:261,0
DA:262,0
DA:264,0
DA:269,1
DA:270,1
DA:271,1
DA:272,1
DA:273,1
DA:274,1
BRF:18
BRH:0
BRDA:99,316,0,0
BRDA:100,323,0,0
BRDA:134,438,0,0
BRDA:135,445,0,0
BRDA:136,455,0,0
BRDA:174,576,0,0
BRDA:175,586,0,0
BRDA:208,689,0,0
BRDA:209,699,0,0
BRDA:219,728,0,0
BRDA:223,728,1,0
BRDA:238,814,0,0
BRDA:239,824,0,0
BRDA:240,837,0,0
BRDA:258,899,0,0
BRDA:259,906,0,0
BRDA:271,938,0,0
BRDA:272,945,0,0
end_of_record

TN:
SF:/Users/apple/Desktop/CODE4STX/sweetheart/FUNDFLOW/fundflow-smartcontract/contracts/fundflow-core.clar
FN:65,get-campaign
FN:69,get-milestone
FN:73,get-investment
FN:77,get-platform-fee-percent
FN:81,get-total-platform-fees
FN:85,calculate-platform-fee
FN:92,create-campaign
FN:127,invest-in-campaign
FN:164,add-milestone
FN:200,vote-on-milestone
FN:234,release-milestone-funds
FN:256,withdraw-platform-fees
FN:269,set-platform-fee-percent
FNF:13
FNH:0
DA:65,0
DA:66,0
DA:69,0
DA:70,0
DA:73,0
DA:74,0
DA:77,0
DA:78,0
DA:81,0
DA:82,0
DA:85,0
DA:86,0
DA:92,0
DA:97,0
DA:98,0
DA:99,0
DA:100,0
DA:102,0
DA:103,0
DA:105,0
DA:106,0
DA:107,0
DA:108,0
DA:109,0
DA:110,0
DA:111,0
DA:112,0
DA:116,0
DA:117,0
DA:118,0
DA:121,0
DA:122,0
DA:127,0
DA:128,0
DA:129,0
DA:130,0
DA:131,0
DA:132,0
DA:134,0
DA:135,0
DA:136,0
DA:139,0
DA:142,0
DA:143,0
DA:145,0
DA:146,0
DA:151,0
DA:152,0
DA:153,0
DA:157,0
DA:159,0
DA:164,0
DA:170,0
DA:171,0
DA:172,0
DA:174,0
DA:175,0
DA:177,0
DA:178,0
DA:180,0
DA:181,0
DA:182,0
DA:183,0
DA:184,0
DA:185,0
DA:186,0
DA:190,0
DA:191,0
DA:192,0
DA:195,0
DA:200,0
DA:204,0
DA:205,0
DA:206,0
DA:208,0
DA:209,0
DA:212,0
DA:213,0
DA:214,0
DA:218,0
DA:219,0
DA:220,0
DA:221,0
DA:223,0
DA:224,0
DA:225,0
DA:229,0
DA:234,0
DA:235,0
DA:236,0
DA:238,0
DA:239,0
DA:240,0
DA:243,0
DA:246,0
DA:247,0
DA:248,0
DA:251,0
DA:256,0
DA:257,0
DA:258,0
DA:259,0
DA:261,0
DA:262,0
DA:264,0
DA:269,0
DA:270,0
DA:271,0
DA:272,0
DA:273,0
DA:274,0
BRF:18
BRH:0
BRDA:99,316,0,0
BRDA:100,323,0,0
BRDA:134,438,0,0
BRDA:135,445,0,0
BRDA:136,455,0,0
BRDA:174,576,0,0
BRDA:175,586,0,0
BRDA:208,689,0,0
BRDA:209,699,0,0
BRDA:219,728,0,0
BRDA:223,728,1,0
BRDA:238,814,0,0
BRDA:239,824,0,0
BRDA:240,837,0,0
BRDA:258,899,0,0
BRDA:259,906,0,0
BRDA:271,938,0,0
BRDA:272,945,0,0
end_of_record
TN:tests/fundflow-core.test.ts__FundFlow Core Contract__Platform Configuration__should reject platform fee update from non-owner
SF:/Users/apple/Desktop/CODE4STX/sweetheart/FUNDFLOW/fundflow-smartcontract/contracts/fundflow-core.clar
FN:65,get-campaign
FN:69,get-milestone
FN:73,get-investment
FN:77,get-platform-fee-percent
FN:81,get-total-platform-fees
FN:85,calculate-platform-fee
FN:92,create-campaign
FN:127,invest-in-campaign
FN:164,add-milestone
FN:200,vote-on-milestone
FN:234,release-milestone-funds
FN:256,withdraw-platform-fees
FN:269,set-platform-fee-percent
FNDA:1,set-platform-fee-percent
FNF:13
FNH:1
DA:65,0
DA:66,0
DA:69,0
DA:70,0
DA:73,0
DA:74,0
DA:77,0
DA:78,0
DA:81,0
DA:82,0
DA:85,0
DA:86,0
DA:92,0
DA:97,0
DA:98,0
DA:99,0
DA:100,0
DA:102,0
DA:103,0
DA:105,0
DA:106,0
DA:107,0
DA:108,0
DA:109,0
DA:110,0
DA:111,0
DA:112,0
DA:116,0
DA:117,0
DA:118,0
DA:121,0
DA:122,0
DA:127,0
DA:128,0
DA:129,0
DA:130,0
DA:131,0
DA:132,0
DA:134,0
DA:135,0
DA:136,0
DA:139,0
DA:142,0
DA:143,0
DA:145,0
DA:146,0
DA:151,0
DA:152,0
DA:153,0
DA:157,0
DA:159,0
DA:164,0
DA:170,0
DA:171,0
DA:172,0
DA:174,0
DA:175,0
DA:177,0
DA:178,0
DA:180,0
DA:181,0
DA:182,0
DA:183,0
DA:184,0
DA:185,0
DA:186,0
DA:190,0
DA:191,0
DA:192,0
DA:195,0
DA:200,0
DA:204,0
DA:205,0
DA:206,0
DA:208,0
DA:209,0
DA:212,0
DA:213,0
DA:214,0
DA:218,0
DA:219,0
DA:220,0
DA:221,0
DA:223,0
DA:224,0
DA:225,0
DA:229,0
DA:234,0
DA:235,0
DA:236,0
DA:238,0
DA:239,0
DA:240,0
DA:243,0
DA:246,0
DA:247,0
DA:248,0
DA:251,0
DA:256,0
DA:257,0
DA:258,0
DA:259,0
DA:261,0
DA:262,0
DA:264,0
DA:269,1
DA:270,1
DA:271,1
DA:272,0
DA:273,0
DA:274,0
BRF:18
BRH:1
BRDA:99,316,0,0
BRDA:100,323,0,0
BRDA:134,438,0,0
BRDA:135,445,0,0
BRDA:136,455,0,0
BRDA:174,576,0,0
BRDA:175,586,0,0
BRDA:208,689,0,0
BRDA:209,699,0,0
BRDA:219,728,0,0
BRDA:223,728,1,0
BRDA:238,814,0,0
BRDA:239,824,0,0
BRDA:240,837,0,0
BRDA:258,899,0,0
BRDA:259,906,0,0
BRDA:271,938,0,1
BRDA:272,945,0,0
end_of_record

TN:
SF:/Users/apple/Desktop/CODE4STX/sweetheart/FUNDFLOW/fundflow-smartcontract/contracts/fundflow-core.clar
FN:65,get-campaign
FN:69,get-milestone
FN:73,get-investment
FN:77,get-platform-fee-percent
FN:81,get-total-platform-fees
FN:85,calculate-platform-fee
FN:92,create-campaign
FN:127,invest-in-campaign
FN:164,add-milestone
FN:200,vote-on-milestone
FN:234,release-milestone-funds
FN:256,withdraw-platform-fees
FN:269,set-platform-fee-percent
FNF:13
FNH:0
DA:65,0
DA:66,0
DA:69,0
DA:70,0
DA:73,0
DA:74,0
DA:77,0
DA:78,0
DA:81,0
DA:82,0
DA:85,0
DA:86,0
DA:92,0
DA:97,0
DA:98,0
DA:99,0
DA:100,0
DA:102,0
DA:103,0
DA:105,0
DA:106,0
DA:107,0
DA:108,0
DA:109,0
DA:110,0
DA:111,0
DA:112,0
DA:116,0
DA:117,0
DA:118,0
DA:121,0
DA:122,0
DA:127,0
DA:128,0
DA:129,0
DA:130,0
DA:131,0
DA:132,0
DA:134,0
DA:135,0
DA:136,0
DA:139,0
DA:142,0
DA:143,0
DA:145,0
DA:146,0
DA:151,0
DA:152,0
DA:153,0
DA:157,0
DA:159,0
DA:164,0
DA:170,0
DA:171,0
DA:172,0
DA:174,0
DA:175,0
DA:177,0
DA:178,0
DA:180,0
DA:181,0
DA:182,0
DA:183,0
DA:184,0
DA:185,0
DA:186,0
DA:190,0
DA:191,0
DA:192,0
DA:195,0
DA:200,0
DA:204,0
DA:205,0
DA:206,0
DA:208,0
DA:209,0
DA:212,0
DA:213,0
DA:214,0
DA:218,0
DA:219,0
DA:220,0
DA:221,0
DA:223,0
DA:224,0
DA:225,0
DA:229,0
DA:234,0
DA:235,0
DA:236,0
DA:238,0
DA:239,0
DA:240,0
DA:243,0
DA:246,0
DA:247,0
DA:248,0
DA:251,0
DA:256,0
DA:257,0
DA:258,0
DA:259,0
DA:261,0
DA:262,0
DA:264,0
DA:269,0
DA:270,0
DA:271,0
DA:272,0
DA:273,0
DA:274,0
BRF:18
BRH:0
BRDA:99,316,0,0
BRDA:100,323,0,0
BRDA:134,438,0,0
BRDA:135,445,0,0
BRDA:136,455,0,0
BRDA:174,576,0,0
BRDA:175,586,0,0
BRDA:208,689,0,0
BRDA:209,699,0,0
BRDA:219,728,0,0
BRDA:223,728,1,0
BRDA:238,814,0,0
BRDA:239,824,0,0
BRDA:240,837,0,0
BRDA:258,899,0,0
BRDA:259,906,0,0
BRDA:271,938,0,0
BRDA:272,945,0,0
end_of_record
TN:tests/fundflow-core.test.ts__FundFlow Core Contract__Platform Configuration__should reject platform fee over 10%
SF:/Users/apple/Desktop/CODE4STX/sweetheart/FUNDFLOW/fundflow-smartcontract/contracts/fundflow-core.clar
FN:65,get-campaign
FN:69,get-milestone
FN:73,get-investment
FN:77,get-platform-fee-percent
FN:81,get-total-platform-fees
FN:85,calculate-platform-fee
FN:92,create-campaign
FN:127,invest-in-campaign
FN:164,add-milestone
FN:200,vote-on-milestone
FN:234,release-milestone-funds
FN:256,withdraw-platform-fees
FN:269,set-platform-fee-percent
FNDA:1,set-platform-fee-percent
FNF:13
FNH:1
DA:65,0
DA:66,0
DA:69,0
DA:70,0
DA:73,0
DA:74,0
DA:77,0
DA:78,0
DA:81,0
DA:82,0
DA:85,0
DA:86,0
DA:92,0
DA:97,0
DA:98,0
DA:99,0
DA:100,0
DA:102,0
DA:103,0
DA:105,0
DA:106,0
DA:107,0
DA:108,0
DA:109,0
DA:110,0
DA:111,0
DA:112,0
DA:116,0
DA:117,0
DA:118,0
DA:121,0
DA:122,0
DA:127,0
DA:128,0
DA:129,0
DA:130,0
DA:131,0
DA:132,0
DA:134,0
DA:135,0
DA:136,0
DA:139,0
DA:142,0
DA:143,0
DA:145,0
DA:146,0
DA:151,0
DA:152,0
DA:153,0
DA:157,0
DA:159,0
DA:164,0
DA:170,0
DA:171,0
DA:172,0
DA:174,0
DA:175,0
DA:177,0
DA:178,0
DA:180,0
DA:181,0
DA:182,0
DA:183,0
DA:184,0
DA:185,0
DA:186,0
DA:190,0
DA:191,0
DA:192,0
DA:195,0
DA:200,0
DA:204,0
DA:205,0
DA:206,0
DA:208,0
DA:209,0
DA:212,0
DA:213,0
DA:214,0
DA:218,0
DA:219,0
DA:220,0
DA:221,0
DA:223,0
DA:224,0
DA:225,0
DA:229,0
DA:234,0
DA:235,0
DA:236,0
DA:238,0
DA:239,0
DA:240,0
DA:243,0
DA:246,0
DA:247,0
DA:248,0
DA:251,0
DA:256,0
DA:257,0
DA:258,0
DA:259,0
DA:261,0
DA:262,0
DA:264,0
DA:269,1
DA:270,1
DA:271,1
DA:272,1
DA:273,0
DA:274,0
BRF:18
BRH:1
BRDA:99,316,0,0
BRDA:100,323,0,0
BRDA:134,438,0,0
BRDA:135,445,0,0
BRDA:136,455,0,0
BRDA:174,576,0,0
BRDA:175,586,0,0
BRDA:208,689,0,0
BRDA:209,699,0,0
BRDA:219,728,0,0
BRDA:223,728,1,0
BRDA:238,814,0,0
BRDA:239,824,0,0
BRDA:240,837,0,0
BRDA:258,899,0,0
BRDA:259,906,0,0
BRDA:271,938,0,0
BRDA:272,945,0,1
end_of_record

TN:
SF:/Users/apple/Desktop/CODE4STX/sweetheart/FUNDFLOW/fundflow-smartcontract/contracts/fundflow-core.clar
FN:65,get-campaign
FN:69,get-milestone
FN:73,get-investment
FN:77,get-platform-fee-percent
FN:81,get-total-platform-fees
FN:85,calculate-platform-fee
FN:92,create-campaign
FN:127,invest-in-campaign
FN:164,add-milestone
FN:200,vote-on-milestone
FN:234,release-milestone-funds
FN:256,withdraw-platform-fees
FN:269,set-platform-fee-percent
FNF:13
FNH:0
DA:65,0
DA:66,0
DA:69,0
DA:70,0
DA:73,0
DA:74,0
DA:77,0
DA:78,0
DA:81,0
DA:82,0
DA:85,0
DA:86,0
DA:92,0
DA:97,0
DA:98,0
DA:99,0
DA:100,0
DA:102,0
DA:103,0
DA:105,0
DA:106,0
DA:107,0
DA:108,0
DA:109,0
DA:110,0
DA:111,0
DA:112,0
DA:116,0
DA:117,0
DA:118,0
DA:121,0
DA:122,0
DA:127,0
DA:128,0
DA:129,0
DA:130,0
DA:131,0
DA:132,0
DA:134,0
DA:135,0
DA:136,0
DA:139,0
DA:142,0
DA:143,0
DA:145,0
DA:146,0
DA:151,0
DA:152,0
DA:153,0
DA:157,0
DA:159,0
DA:164,0
DA:170,0
DA:171,0
DA:172,0
DA:174,0
DA:175,0
DA:177,0
DA:178,0
DA:180,0
DA:181,0
DA:182,0
DA:183,0
DA:184,0
DA:185,0
DA:186,0
DA:190,0
DA:191,0
DA:192,0
DA:195,0
DA:200,0
DA:204,0
DA:205,0
DA:206,0
DA:208,0
DA:209,0
DA:212,0
DA:213,0
DA:214,0
DA:218,0
DA:219,0
DA:220,0
DA:221,0
DA:223,0
DA:224,0
DA:225,0
DA:229,0
DA:234,0
DA:235,0
DA:236,0
DA:238,0
DA:239,0
DA:240,0
DA:243,0
DA:246,0
DA:247,0
DA:248,0
DA:251,0
DA:256,0
DA:257,0
DA:258,0
DA:259,0
DA:261,0
DA:262,0
DA:264,0
DA:269,0
DA:270,0
DA:271,0
DA:272,0
DA:273,0
DA:274,0
BRF:18
BRH:0
BRDA:99,316,0,0
BRDA:100,323,0,0
BRDA:134,438,0,0
BRDA:135,445,0,0
BRDA:136,455,0,0
BRDA:174,576,0,0
BRDA:175,586,0,0
BRDA:208,689,0,0
BRDA:209,699,0,0
BRDA:219,728,0,0
BRDA:223,728,1,0
BRDA:238,814,0,0
BRDA:239,824,0,0
BRDA:240,837,0,0
BRDA:258,899,0,0
BRDA:259,906,0,0
BRDA:271,938,0,0
BRDA:272,945,0,0
end_of_record
TN:tests/fundflow-core.test.ts__FundFlow Core Contract__Campaign Creation__should create a campaign successfully
SF:/Users/apple/Desktop/CODE4STX/sweetheart/FUNDFLOW/fundflow-smartcontract/contracts/fundflow-core.clar
FN:65,get-campaign
FN:69,get-milestone
FN:73,get-investment
FN:77,get-platform-fee-percent
FN:81,get-total-platform-fees
FN:85,calculate-platform-fee
FN:92,create-campaign
FN:127,invest-in-campaign
FN:164,add-milestone
FN:200,vote-on-milestone
FN:234,release-milestone-funds
FN:256,withdraw-platform-fees
FN:269,set-platform-fee-percent
FNDA:1,create-campaign
FNF:13
FNH:1
DA:65,0
DA:66,0
DA:69,0
DA:70,0
DA:73,0
DA:74,0
DA:77,0
DA:78,0
DA:81,0
DA:82,0
DA:85,0
DA:86,0
DA:92,1
DA:97,1
DA:98,1
DA:99,1
DA:100,1
DA:102,1
DA:103,1
DA:105,1
DA:106,1
DA:107,1
DA:108,1
DA:109,1
DA:110,1
DA:111,1
DA:112,1
DA:116,1
DA:117,1
DA:118,1
DA:121,1
DA:122,1
DA:127,0
DA:128,0
DA:129,0
DA:130,0
DA:131,0
DA:132,0
DA:134,0
DA:135,0
DA:136,0
DA:139,0
DA:142,0
DA:143,0
DA:145,0
DA:146,0
DA:151,0
DA:152,0
DA:153,0
DA:157,0
DA:159,0
DA:164,0
DA:170,0
DA:171,0
DA:172,0
DA:174,0
DA:175,0
DA:177,0
DA:178,0
DA:180,0
DA:181,0
DA:182,0
DA:183,0
DA:184,0
DA:185,0
DA:186,0
DA:190,0
DA:191,0
DA:192,0
DA:195,0
DA:200,0
DA:204,0
DA:205,0
DA:206,0
DA:208,0
DA:209,0
DA:212,0
DA:213,0
DA:214,0
DA:218,0
DA:219,0
DA:220,0
DA:221,0
DA:223,0
DA:224,0
DA:225,0
DA:229,0
DA:234,0
DA:235,0
DA:236,0
DA:238,0
DA:239,0
DA:240,0
DA:243,0
DA:246,0
DA:247,0
DA:248,0
DA:251,0
DA:256,0
DA:257,0
DA:258,0
DA:259,0
DA:261,0
DA:262,0
DA:264,0
DA:269,0
DA:270,0
DA:271,0
DA:272,0
DA:273,0
DA:274,0
BRF:18
BRH:0
BRDA:99,316,0,0
BRDA:100,323,0,0
BRDA:134,438,0,0
BRDA:135,445,0,0
BRDA:136,455,0,0
BRDA:174,576,0,0
BRDA:175,586,0,0
BRDA:208,689,0,0
BRDA:209,699,0,0
BRDA:219,728,0,0
BRDA:223,728,1,0
BRDA:238,814,0,0
BRDA:239,824,0,0
BRDA:240,837,0,0
BRDA:258,899,0,0
BRDA:259,906,0,0
BRDA:271,938,0,0
BRDA:272,945,0,0
end_of_record

TN:
SF:/Users/apple/Desktop/CODE4STX/sweetheart/FUNDFLOW/fundflow-smartcontract/contracts/fundflow-core.clar
FN:65,get-campaign
FN:69,get-milestone
FN:73,get-investment
FN:77,get-platform-fee-percent
FN:81,get-total-platform-fees
FN:85,calculate-platform-fee
FN:92,create-campaign
FN:127,invest-in-campaign
FN:164,add-milestone
FN:200,vote-on-milestone
FN:234,release-milestone-funds
FN:256,withdraw-platform-fees
FN:269,set-platform-fee-percent
FNF:13
FNH:0
DA:65,0
DA:66,0
DA:69,0
DA:70,0
DA:73,0
DA:74,0
DA:77,0
DA:78,0
DA:81,0
DA:82,0
DA:85,0
DA:86,0
DA:92,0
DA:97,0
DA:98,0
DA:99,0
DA:100,0
DA:102,0
DA:103,0
DA:105,0
DA:106,0
DA:107,0
DA:108,0
DA:109,0
DA:110,0
DA:111,0
DA:112,0
DA:116,0
DA:117,0
DA:118,0
DA:121,0
DA:122,0
DA:127,0
DA:128,0
DA:129,0
DA:130,0
DA:131,0
DA:132,0
DA:134,0
DA:135,0
DA:136,0
DA:139,0
DA:142,0
DA:143,0
DA:145,0
DA:146,0
DA:151,0
DA:152,0
DA:153,0
DA:157,0
DA:159,0
DA:164,0
DA:170,0
DA:171,0
DA:172,0
DA:174,0
DA:175,0
DA:177,0
DA:178,0
DA:180,0
DA:181,0
DA:182,0
DA:183,0
DA:184,0
DA:185,0
DA:186,0
DA:190,0
DA:191,0
DA:192,0
DA:195,0
DA:200,0
DA:204,0
DA:205,0
DA:206,0
DA:208,0
DA:209,0
DA:212,0
DA:213,0
DA:214,0
DA:218,0
DA:219,0
DA:220,0
DA:221,0
DA:223,0
DA:224,0
DA:225,0
DA:229,0
DA:234,0
DA:235,0
DA:236,0
DA:238,0
DA:239,0
DA:240,0
DA:243,0
DA:246,0
DA:247,0
DA:248,0
DA:251,0
DA:256,0
DA:257,0
DA:258,0
DA:259,0
DA:261,0
DA:262,0
DA:264,0
DA:269,0
DA:270,0
DA:271,0
DA:272,0
DA:273,0
DA:274,0
BRF:18
BRH:0
BRDA:99,316,0,0
BRDA:100,323,0,0
BRDA:134,438,0,0
BRDA:135,445,0,0
BRDA:136,455,0,0
BRDA:174,576,0,0
BRDA:175,586,0,0
BRDA:208,689,0,0
BRDA:209,699,0,0
BRDA:219,728,0,0
BRDA:223,728,1,0
BRDA:238,814,0,0
BRDA:239,824,0,0
BRDA:240,837,0,0
BRDA:258,899,0,0
BRDA:259,906,0,0
BRDA:271,938,0,0
BRDA:272,945,0,0
end_of_record
TN:tests/fundflow-core.test.ts__FundFlow Core Contract__Campaign Creation__should reject campaign with zero target amount
SF:/Users/apple/Desktop/CODE4STX/sweetheart/FUNDFLOW/fundflow-smartcontract/contracts/fundflow-core.clar
FN:65,get-campaign
FN:69,get-milestone
FN:73,get-investment
FN:77,get-platform-fee-percent
FN:81,get-total-platform-fees
FN:85,calculate-platform-fee
FN:92,create-campaign
FN:127,invest-in-campaign
FN:164,add-milestone
FN:200,vote-on-milestone
FN:234,release-milestone-funds
FN:256,withdraw-platform-fees
FN:269,set-platform-fee-percent
FNDA:1,create-campaign
FNF:13
FNH:1
DA:65,0
DA:66,0
DA:69,0
DA:70,0
DA:73,0
DA:74,0
DA:77,0
DA:78,0
DA:81,0
DA:82,0
DA:85,0
DA:86,0
DA:92,1
DA:97,1
DA:98,1
DA:99,1
DA:100,0
DA:102,0
DA:103,0
DA:105,0
DA:106,0
DA:107,0
DA:108,0
DA:109,0
DA:110,0
DA:111,0
DA:112,0
DA:116,0
DA:117,0
DA:118,0
DA:121,0
DA:122,0
DA:127,0
DA:128,0
DA:129,0
DA:130,0
DA:131,0
DA:132,0
DA:134,0
DA:135,0
DA:136,0
DA:139,0
DA:142,0
DA:143,0
DA:145,0
DA:146,0
DA:151,0
DA:152,0
DA:153,0
DA:157,0
DA:159,0
DA:164,0
DA:170,0
DA:171,0
DA:172,0
DA:174,0
DA:175,0
DA:177,0
DA:178,0
DA:180,0
DA:181,0
DA:182,0
DA:183,0
DA:184,0
DA:185,0
DA:186,0
DA:190,0
DA:191,0
DA:192,0
DA:195,0
DA:200,0
DA:204,0
DA:205,0
DA:206,0
DA:208,0
DA:209,0
DA:212,0
DA:213,0
DA:214,0
DA:218,0
DA:219,0
DA:220,0
DA:221,0
DA:223,0
DA:224,0
DA:225,0
DA:229,0
DA:234,0
DA:235,0
DA:236,0
DA:238,0
DA:239,0
DA:240,0
DA:243,0
DA:246,0
DA:247,0
DA:248,0
DA:251,0
DA:256,0
DA:257,0
DA:258,0
DA:259,0
DA:261,0
DA:262,0
DA:264,0
DA:269,0
DA:270,0
DA:271,0
DA:272,0
DA:273,0
DA:274,0
BRF:18
BRH:1
BRDA:99,316,0,1
BRDA:100,323,0,0
BRDA:134,438,0,0
BRDA:135,445,0,0
BRDA:136,455,0,0
BRDA:174,576,0,0
BRDA:175,586,0,0
BRDA:208,689,0,0
BRDA:209,699,0,0
BRDA:219,728,0,0
BRDA:223,728,1,0
BRDA:238,814,0,0
BRDA:239,824,0,0
BRDA:240,837,0,0
BRDA:258,899,0,0
BRDA:259,906,0,0
BRDA:271,938,0,0
BRDA:272,945,0,0
end_of_record

TN:
SF:/Users/apple/Desktop/CODE4STX/sweetheart/FUNDFLOW/fundflow-smartcontract/contracts/fundflow-core.clar
FN:65,get-campaign
FN:69,get-milestone
FN:73,get-investment
FN:77,get-platform-fee-percent
FN:81,get-total-platform-fees
FN:85,calculate-platform-fee
FN:92,create-campaign
FN:127,invest-in-campaign
FN:164,add-milestone
FN:200,vote-on-milestone
FN:234,release-milestone-funds
FN:256,withdraw-platform-fees
FN:269,set-platform-fee-percent
FNF:13
FNH:0
DA:65,0
DA:66,0
DA:69,0
DA:70,0
DA:73,0
DA:74,0
DA:77,0
DA:78,0
DA:81,0
DA:82,0
DA:85,0
DA:86,0
DA:92,0
DA:97,0
DA:98,0
DA:99,0
DA:100,0
DA:102,0
DA:103,0
DA:105,0
DA:106,0
DA:107,0
DA:108,0
DA:109,0
DA:110,0
DA:111,0
DA:112,0
DA:116,0
DA:117,0
DA:118,0
DA:121,0
DA:122,0
DA:127,0
DA:128,0
DA:129,0
DA:130,0
DA:131,0
DA:132,0
DA:134,0
DA:135,0
DA:136,0
DA:139,0
DA:142,0
DA:143,0
DA:145,0
DA:146,0
DA:151,0
DA:152,0
DA:153,0
DA:157,0
DA:159,0
DA:164,0
DA:170,0
DA:171,0
DA:172,0
DA:174,0
DA:175,0
DA:177,0
DA:178,0
DA:180,0
DA:181,0
DA:182,0
DA:183,0
DA:184,0
DA:185,0
DA:186,0
DA:190,0
DA:191,0
DA:192,0
DA:195,0
DA:200,0
DA:204,0
DA:205,0
DA:206,0
DA:208,0
DA:209,0
DA:212,0
DA:213,0
DA:214,0
DA:218,0
DA:219,0
DA:220,0
DA:221,0
DA:223,0
DA:224,0
DA:225,0
DA:229,0
DA:234,0
DA:235,0
DA:236,0
DA:238,0
DA:239,0
DA:240,0
DA:243,0
DA:246,0
DA:247,0
DA:248,0
DA:251,0
DA:256,0
DA:257,0
DA:258,0
DA:259,0
DA:261,0
DA:262,0
DA:264,0
DA:269,0
DA:270,0
DA:271,0
DA:272,0
DA:273,0
DA:274,0
BRF:18
BRH:0
BRDA:99,316,0,0
BRDA:100,323,0,0
BRDA:134,438,0,0
BRDA:135,445,0,0
BRDA:136,455,0,0
BRDA:174,576,0,0
BRDA:175,586,0,0
BRDA:208,689,0,0
BRDA:209,699,0,0
BRDA:219,728,0,0
BRDA:223,728,1,0
BRDA:238,814,0,0
BRDA:239,824,0,0
BRDA:240,837,0,0
BRDA:258,899,0,0
BRDA:259,906,0,0
BRDA:271,938,0,0
BRDA:272,945,0,0
end_of_record
TN:tests/fundflow-core.test.ts__FundFlow Core Contract__Campaign Creation__should reject campaign with zero duration
SF:/Users/apple/Desktop/CODE4STX/sweetheart/FUNDFLOW/fundflow-smartcontract/contracts/fundflow-core.clar
FN:65,get-campaign
FN:69,get-milestone
FN:73,get-investment
FN:77,get-platform-fee-percent
FN:81,get-total-platform-fees
FN:85,calculate-platform-fee
FN:92,create-campaign
FN:127,invest-in-campaign
FN:164,add-milestone
FN:200,vote-on-milestone
FN:234,release-milestone-funds
FN:256,withdraw-platform-fees
FN:269,set-platform-fee-percent
FNDA:1,create-campaign
FNF:13
FNH:1
DA:65,0
DA:66,0
DA:69,0
DA:70,0
DA:73,0
DA:74,0
DA:77,0
DA:78,0
DA:81,0
DA:82,0
DA:85,0
DA:86,0
DA:92,1
DA:97,1
DA:98,1
DA:99,1
DA:100,1
DA:102,0
DA:103,0
DA:105,0
DA:106,0
DA:107,0
DA:108,0
DA:109,0
DA:110,0
DA:111,0
DA:112,0
DA:116,0
DA:117,0
DA:118,0
DA:121,0
DA:122,0
DA:127,0
DA:128,0
DA:129,0
DA:130,0
DA:131,0
DA:132,0
DA:134,0
DA:135,0
DA:136,0
DA:139,0
DA:142,0
DA:143,0
DA:145,0
DA:146,0
DA:151,0
DA:152,0
DA:153,0
DA:157,0
DA:159,0
DA:164,0
DA:170,0
DA:171,0
DA:172,0
DA:174,0
DA:175,0
DA:177,0
DA:178,0
DA:180,0
DA:181,0
DA:182,0
DA:183,0
DA:184,0
DA:185,0
DA:186,0
DA:190,0
DA:191,0
DA:192,0
DA:195,0
DA:200,0
DA:204,0
DA:205,0
DA:206,0
DA:208,0
DA:209,0
DA:212,0
DA:213,0
DA:214,0
DA:218,0
DA:219,0
DA:220,0
DA:221,0
DA:223,0
DA:224,0
DA:225,0
DA:229,0
DA:234,0
DA:235,0
DA:236,0
DA:238,0
DA:239,0
DA:240,0
DA:243,0
DA:246,0
DA:247,0
DA:248,0
DA:251,0
DA:256,0
DA:257,0
DA:258,0
DA:259,0
DA:261,0
DA:262,0
DA:264,0
DA:269,0
DA:270,0
DA:271,0
DA:272,0
DA:273,0
DA:274,0
BRF:18
BRH:1
BRDA:99,316,0,0
BRDA:100,323,0,1
BRDA:134,438,0,0
BRDA:135,445,0,0
BRDA:136,455,0,0
BRDA:174,576,0,0
BRDA:175,586,0,0
BRDA:208,689,0,0
BRDA:209,699,0,0
BRDA:219,728,0,0
BRDA:223,728,1,0
BRDA:238,814,0,0
BRDA:239,824,0,0
BRDA:240,837,0,0
BRDA:258,899,0,0
BRDA:259,906,0,0
BRDA:271,938,0,0
BRDA:272,945,0,0
end_of_record

TN:
SF:/Users/apple/Desktop/CODE4STX/sweetheart/FUNDFLOW/fundflow-smartcontract/contracts/fundflow-core.clar
FN:65,get-campaign
FN:69,get-milestone
FN:73,get-investment
FN:77,get-platform-fee-percent
FN:81,get-total-platform-fees
FN:85,calculate-platform-fee
FN:92,create-campaign
FN:127,invest-in-campaign
FN:164,add-milestone
FN:200,vote-on-milestone
FN:234,release-milestone-funds
FN:256,withdraw-platform-fees
FN:269,set-platform-fee-percent
FNF:13
FNH:0
DA:65,0
DA:66,0
DA:69,0
DA:70,0
DA:73,0
DA:74,0
DA:77,0
DA:78,0
DA:81,0
DA:82,0
DA:85,0
DA:86,0
DA:92,0
DA:97,0
DA:98,0
DA:99,0
DA:100,0
DA:102,0
DA:103,0
DA:105,0
DA:106,0
DA:107,0
DA:108,0
DA:109,0
DA:110,0
DA:111,0
DA:112,0
DA:116,0
DA:117,0
DA:118,0
DA:121,0
DA:122,0
DA:127,0
DA:128,0
DA:129,0
DA:130,0
DA:131,0
DA:132,0
DA:134,0
DA:135,0
DA:136,0
DA:139,0
DA:142,0
DA:143,0
DA:145,0
DA:146,0
DA:151,0
DA:152,0
DA:153,0
DA:157,0
DA:159,0
DA:164,0
DA:170,0
DA:171,0
DA:172,0
DA:174,0
DA:175,0
DA:177,0
DA:178,0
DA:180,0
DA:181,0
DA:182,0
DA:183,0
DA:184,0
DA:185,0
DA:186,0
DA:190,0
DA:191,0
DA:192,0
DA:195,0
DA:200,0
DA:204,0
DA:205,0
DA:206,0
DA:208,0
DA:209,0
DA:212,0
DA:213,0
DA:214,0
DA:218,0
DA:219,0
DA:220,0
DA:221,0
DA:223,0
DA:224,0
DA:225,0
DA:229,0
DA:234,0
DA:235,0
DA:236,0
DA:238,0
DA:239,0
DA:240,0
DA:243,0
DA:246,0
DA:247,0
DA:248,0
DA:251,0
DA:256,0
DA:257,0
DA:258,0
DA:259,0
DA:261,0
DA:262,0
DA:264,0
DA:269,0
DA:270,0
DA:271,0
DA:272,0
DA:273,0
DA:274,0
BRF:18
BRH:0
BRDA:99,316,0,0
BRDA:100,323,0,0
BRDA:134,438,0,0
BRDA:135,445,0,0
BRDA:136,455,0,0
BRDA:174,576,0,0
BRDA:175,586,0,0
BRDA:208,689,0,0
BRDA:209,699,0,0
BRDA:219,728,0,0
BRDA:223,728,1,0
BRDA:238,814,0,0
BRDA:239,824,0,0
BRDA:240,837,0,0
BRDA:258,899,0,0
BRDA:259,906,0,0
BRDA:271,938,0,0
BRDA:272,945,0,0
end_of_record
TN:tests/fundflow-core.test.ts__FundFlow Core Contract__Campaign Creation__should store campaign data correctly
SF:/Users/apple/Desktop/CODE4STX/sweetheart/FUNDFLOW/fundflow-smartcontract/contracts/fundflow-core.clar
FN:65,get-campaign
FN:69,get-milestone
FN:73,get-investment
FN:77,get-platform-fee-percent
FN:81,get-total-platform-fees
FN:85,calculate-platform-fee
FN:92,create-campaign
FN:127,invest-in-campaign
FN:164,add-milestone
FN:200,vote-on-milestone
FN:234,release-milestone-funds
FN:256,withdraw-platform-fees
FN:269,set-platform-fee-percent
FNDA:1,create-campaign
FNDA:1,get-campaign
FNF:13
FNH:2
DA:65,1
DA:66,1
DA:69,0
DA:70,0
DA:73,0
DA:74,0
DA:77,0
DA:78,0
DA:81,0
DA:82,0
DA:85,0
DA:86,0
DA:92,1
DA:97,1
DA:98,1
DA:99,1
DA:100,1
DA:102,1
DA:103,1
DA:105,1
DA:106,1
DA:107,1
DA:108,1
DA:109,1
DA:110,1
DA:111,1
DA:112,1
DA:116,1
DA:117,1
DA:118,1
DA:121,1
DA:122,1
DA:127,0
DA:128,0
DA:129,0
DA:130,0
DA:131,0
DA:132,0
DA:134,0
DA:135,0
DA:136,0
DA:139,0
DA:142,0
DA:143,0
DA:145,0
DA:146,0
DA:151,0
DA:152,0
DA:153,0
DA:157,0
DA:159,0
DA:164,0
DA:170,0
DA:171,0
DA:172,0
DA:174,0
DA:175,0
DA:177,0
DA:178,0
DA:180,0
DA:181,0
DA:182,0
DA:183,0
DA:184,0
DA:185,0
DA:186,0
DA:190,0
DA:191,0
DA:192,0
DA:195,0
DA:200,0
DA:204,0
DA:205,0
DA:206,0
DA:208,0
DA:209,0
DA:212,0
DA:213,0
DA:214,0
DA:218,0
DA:219,0
DA:220,0
DA:221,0
DA:223,0
DA:224,0
DA:225,0
DA:229,0
DA:234,0
DA:235,0
DA:236,0
DA:238,0
DA:239,0
DA:240,0
DA:243,0
DA:246,0
DA:247,0
DA:248,0
DA:251,0
DA:256,0
DA:257,0
DA:258,0
DA:259,0
DA:261,0
DA:262,0
DA:264,0
DA:269,0
DA:270,0
DA:271,0
DA:272,0
DA:273,0
DA:274,0
BRF:18
BRH:0
BRDA:99,316,0,0
BRDA:100,323,0,0
BRDA:134,438,0,0
BRDA:135,445,0,0
BRDA:136,455,0,0
BRDA:174,576,0,0
BRDA:175,586,0,0
BRDA:208,689,0,0
BRDA:209,699,0,0
BRDA:219,728,0,0
BRDA:223,728,1,0
BRDA:238,814,0,0
BRDA:239,824,0,0
BRDA:240,837,0,0
BRDA:258,899,0,0
BRDA:259,906,0,0
BRDA:271,938,0,0
BRDA:272,945,0,0
end_of_record

TN:
SF:/Users/apple/Desktop/CODE4STX/sweetheart/FUNDFLOW/fundflow-smartcontract/contracts/fundflow-core.clar
FN:65,get-campaign
FN:69,get-milestone
FN:73,get-investment
FN:77,get-platform-fee-percent
FN:81,get-total-platform-fees
FN:85,calculate-platform-fee
FN:92,create-campaign
FN:127,invest-in-campaign
FN:164,add-milestone
FN:200,vote-on-milestone
FN:234,release-milestone-funds
FN:256,withdraw-platform-fees
FN:269,set-platform-fee-percent
FNF:13
FNH:0
DA:65,0
DA:66,0
DA:69,0
DA:70,0
DA:73,0
DA:74,0
DA:77,0
DA:78,0
DA:81,0
DA:82,0
DA:85,0
DA:86,0
DA:92,0
DA:97,0
DA:98,0
DA:99,0
DA:100,0
DA:102,0
DA:103,0
DA:105,0
DA:106,0
DA:107,0
DA:108,0
DA:109,0
DA:110,0
DA:111,0
DA:112,0
DA:116,0
DA:117,0
DA:118,0
DA:121,0
DA:122,0
DA:127,0
DA:128,0
DA:129,0
DA:130,0
DA:131,0
DA:132,0
DA:134,0
DA:135,0
DA:136,0
DA:139,0
DA:142,0
DA:143,0
DA:145,0
DA:146,0
DA:151,0
DA:152,0
DA:153,0
DA:157,0
DA:159,0
DA:164,0
DA:170,0
DA:171,0
DA:172,0
DA:174,0
DA:175,0
DA:177,0
DA:178,0
DA:180,0
DA:181,0
DA:182,0
DA:183,0
DA:184,0
DA:185,0
DA:186,0
DA:190,0
DA:191,0
DA:192,0
DA:195,0
DA:200,0
DA:204,0
DA:205,0
DA:206,0
DA:208,0
DA:209,0
DA:212,0
DA:213,0
DA:214,0
DA:218,0
DA:219,0
DA:220,0
DA:221,0
DA:223,0
DA:224,0
DA:225,0
DA:229,0
DA:234,0
DA:235,0
DA:236,0
DA:238,0
DA:239,0
DA:240,0
DA:243,0
DA:246,0
DA:247,0
DA:248,0
DA:251,0
DA:256,0
DA:257,0
DA:258,0
DA:259,0
DA:261,0
DA:262,0
DA:264,0
DA:269,0
DA:270,0
DA:271,0
DA:272,0
DA:273,0
DA:274,0
BRF:18
BRH:0
BRDA:99,316,0,0
BRDA:100,323,0,0
BRDA:134,438,0,0
BRDA:135,445,0,0
BRDA:136,455,0,0
BRDA:174,576,0,0
BRDA:175,586,0,0
BRDA:208,689,0,0
BRDA:209,699,0,0
BRDA:219,728,0,0
BRDA:223,728,1,0
BRDA:238,814,0,0
BRDA:239,824,0,0
BRDA:240,837,0,0
BRDA:258,899,0,0
BRDA:259,906,0,0
BRDA:271,938,0,0
BRDA:272,945,0,0
end_of_record
TN:tests/fundflow-core.test.ts__FundFlow Core Contract__Campaign Creation__should increment campaign IDs correctly
SF:/Users/apple/Desktop/CODE4STX/sweetheart/FUNDFLOW/fundflow-smartcontract/contracts/fundflow-core.clar
FN:65,get-campaign
FN:69,get-milestone
FN:73,get-investment
FN:77,get-platform-fee-percent
FN:81,get-total-platform-fees
FN:85,calculate-platform-fee
FN:92,create-campaign
FN:127,invest-in-campaign
FN:164,add-milestone
FN:200,vote-on-milestone
FN:234,release-milestone-funds
FN:256,withdraw-platform-fees
FN:269,set-platform-fee-percent
FNDA:2,create-campaign
FNF:13
FNH:1
DA:65,0
DA:66,0
DA:69,0
DA:70,0
DA:73,0
DA:74,0
DA:77,0
DA:78,0
DA:81,0
DA:82,0
DA:85,0
DA:86,0
DA:92,1
DA:97,2
DA:98,2
DA:99,2
DA:100,2
DA:102,2
DA:103,2
DA:105,2
DA:106,2
DA:107,2
DA:108,2
DA:109,2
DA:110,2
DA:111,2
DA:112,2
DA:116,2
DA:117,2
DA:118,2
DA:121,2
DA:122,2
DA:127,0
DA:128,0
DA:129,0
DA:130,0
DA:131,0
DA:132,0
DA:134,0
DA:135,0
DA:136,0
DA:139,0
DA:142,0
DA:143,0
DA:145,0
DA:146,0
DA:151,0
DA:152,0
DA:153,0
DA:157,0
DA:159,0
DA:164,0
DA:170,0
DA:171,0
DA:172,0
DA:174,0
DA:175,0
DA:177,0
DA:178,0
DA:180,0
DA:181,0
DA:182,0
DA:183,0
DA:184,0
DA:185,0
DA:186,0
DA:190,0
DA:191,0
DA:192,0
DA:195,0
DA:200,0
DA:204,0
DA:205,0
DA:206,0
DA:208,0
DA:209,0
DA:212,0
DA:213,0
DA:214,0
DA:218,0
DA:219,0
DA:220,0
DA:221,0
DA:223,0
DA:224,0
DA:225,0
DA:229,0
DA:234,0
DA:235,0
DA:236,0
DA:238,0
DA:239,0
DA:240,0
DA:243,0
DA:246,0
DA:247,0
DA:248,0
DA:251,0
DA:256,0
DA:257,0
DA:258,0
DA:259,0
DA:261,0
DA:262,0
DA:264,0
DA:269,0
DA:270,0
DA:271,0
DA:272,0
DA:273,0
DA:274,0
BRF:18
BRH:0
BRDA:99,316,0,0
BRDA:100,323,0,0
BRDA:134,438,0,0
BRDA:135,445,0,0
BRDA:136,455,0,0
BRDA:174,576,0,0
BRDA:175,586,0,0
BRDA:208,689,0,0
BRDA:209,699,0,0
BRDA:219,728,0,0
BRDA:223,728,1,0
BRDA:238,814,0,0
BRDA:239,824,0,0
BRDA:240,837,0,0
BRDA:258,899,0,0
BRDA:259,906,0,0
BRDA:271,938,0,0
BRDA:272,945,0,0
end_of_record

TN:
SF:/Users/apple/Desktop/CODE4STX/sweetheart/FUNDFLOW/fundflow-smartcontract/contracts/fundflow-core.clar
FN:65,get-campaign
FN:69,get-milestone
FN:73,get-investment
FN:77,get-platform-fee-percent
FN:81,get-total-platform-fees
FN:85,calculate-platform-fee
FN:92,create-campaign
FN:127,invest-in-campaign
FN:164,add-milestone
FN:200,vote-on-milestone
FN:234,release-milestone-funds
FN:256,withdraw-platform-fees
FN:269,set-platform-fee-percent
FNF:13
FNH:0
DA:65,0
DA:66,0
DA:69,0
DA:70,0
DA:73,0
DA:74,0
DA:77,0
DA:78,0
DA:81,0
DA:82,0
DA:85,0
DA:86,0
DA:92,0
DA:97,0
DA:98,0
DA:99,0
DA:100,0
DA:102,0
DA:103,0
DA:105,0
DA:106,0
DA:107,0
DA:108,0
DA:109,0
DA:110,0
DA:111,0
DA:112,0
DA:116,0
DA:117,0
DA:118,0
DA:121,0
DA:122,0
DA:127,0
DA:128,0
DA:129,0
DA:130,0
DA:131,0
DA:132,0
DA:134,0
DA:135,0
DA:136,0
DA:139,0
DA:142,0
DA:143,0
DA:145,0
DA:146,0
DA:151,0
DA:152,0
DA:153,0
DA:157,0
DA:159,0
DA:164,0
DA:170,0
DA:171,0
DA:172,0
DA:174,0
DA:175,0
DA:177,0
DA:178,0
DA:180,0
DA:181,0
DA:182,0
DA:183,0
DA:184,0
DA:185,0
DA:186,0
DA:190,0
DA:191,0
DA:192,0
DA:195,0
DA:200,0
DA:204,0
DA:205,0
DA:206,0
DA:208,0
DA:209,0
DA:212,0
DA:213,0
DA:214,0
DA:218,0
DA:219,0
DA:220,0
DA:221,0
DA:223,0
DA:224,0
DA:225,0
DA:229,0
DA:234,0
DA:235,0
DA:236,0
DA:238,0
DA:239,0
DA:240,0
DA:243,0
DA:246,0
DA:247,0
DA:248,0
DA:251,0
DA:256,0
DA:257,0
DA:258,0
DA:259,0
DA:261,0
DA:262,0
DA:264,0
DA:269,0
DA:270,0
DA:271,0
DA:272,0
DA:273,0
DA:274,0
BRF:18
BRH:0
BRDA:99,316,0,0
BRDA:100,323,0,0
BRDA:134,438,0,0
BRDA:135,445,0,0
BRDA:136,455,0,0
BRDA:174,576,0,0
BRDA:175,586,0,0
BRDA:208,689,0,0
BRDA:209,699,0,0
BRDA:219,728,0,0
BRDA:223,728,1,0
BRDA:238,814,0,0
BRDA:239,824,0,0
BRDA:240,837,0,0
BRDA:258,899,0,0
BRDA:259,906,0,0
BRDA:271,938,0,0
BRDA:272,945,0,0
end_of_record
TN:tests/fundflow-core.test.ts__FundFlow Core Contract__Investment Flow__should allow investment in active campaign
SF:/Users/apple/Desktop/CODE4STX/sweetheart/FUNDFLOW/fundflow-smartcontract/contracts/fundflow-core.clar
FN:65,get-campaign
FN:69,get-milestone
FN:73,get-investment
FN:77,get-platform-fee-percent
FN:81,get-total-platform-fees
FN:85,calculate-platform-fee
FN:92,create-campaign
FN:127,invest-in-campaign
FN:164,add-milestone
FN:200,vote-on-milestone
FN:234,release-milestone-funds
FN:256,withdraw-platform-fees
FN:269,set-platform-fee-percent
FNDA:1,calculate-platform-fee
FNDA:1,create-campaign
FNDA:1,get-campaign
FNDA:1,get-investment
FNDA:1,invest-in-campaign
FNF:13
FNH:5
DA:65,1
DA:66,1
DA:69,0
DA:70,0
DA:73,1
DA:74,1
DA:77,0
DA:78,0
DA:81,0
DA:82,0
DA:85,1
DA:86,1
DA:92,1
DA:97,1
DA:98,1
DA:99,1
DA:100,1
DA:102,1
DA:103,1
DA:105,1
DA:106,1
DA:107,1
DA:108,1
DA:109,1
DA:110,1
DA:111,1
DA:112,1
DA:116,1
DA:117,1
DA:118,1
DA:121,1
DA:122,1
DA:127,1
DA:128,1
DA:129,1
DA:130,1
DA:131,1
DA:132,1
DA:134,1
DA:135,1
DA:136,1
DA:139,1
DA:142,1
DA:143,1
DA:145,1
DA:146,1
DA:151,1
DA:152,1
DA:153,1
DA:157,1
DA:159,1
DA:164,0
DA:170,0
DA:171,0
DA:172,0
DA:174,0
DA:175,0
DA:177,0
DA:178,0
DA:180,0
DA:181,0
DA:182,0
DA:183,0
DA:184,0
DA:185,0
DA:186,0
DA:190,0
DA:191,0
DA:192,0
DA:195,0
DA:200,0
DA:204,0
DA:205,0
DA:206,0
DA:208,0
DA:209,0
DA:212,0
DA:213,0
DA:214,0
DA:218,0
DA:219,0
DA:220,0
DA:221,0
DA:223,0
DA:224,0
DA:225,0
DA:229,0
DA:234,0
DA:235,0
DA:236,0
DA:238,0
DA:239,0
DA:240,0
DA:243,0
DA:246,0
DA:247,0
DA:248,0
DA:251,0
DA:256,0
DA:257,0
DA:258,0
DA:259,0
DA:261,0
DA:262,0
DA:264,0
DA:269,0
DA:270,0
DA:271,0
DA:272,0
DA:273,0
DA:274,0
BRF:18
BRH:0
BRDA:99,316,0,0
BRDA:100,323,0,0
BRDA:134,438,0,0
BRDA:135,445,0,0
BRDA:136,455,0,0
BRDA:174,576,0,0
BRDA:175,586,0,0
BRDA:208,689,0,0
BRDA:209,699,0,0
BRDA:219,728,0,0
BRDA:223,728,1,0
BRDA:238,814,0,0
BRDA:239,824,0,0
BRDA:240,837,0,0
BRDA:258,899,0,0
BRDA:259,906,0,0
BRDA:271,938,0,0
BRDA:272,945,0,0
end_of_record

TN:
SF:/Users/apple/Desktop/CODE4STX/sweetheart/FUNDFLOW/fundflow-smartcontract/contracts/fundflow-core.clar
FN:65,get-campaign
FN:69,get-milestone
FN:73,get-investment
FN:77,get-platform-fee-percent
FN:81,get-total-platform-fees
FN:85,calculate-platform-fee
FN:92,create-campaign
FN:127,invest-in-campaign
FN:164,add-milestone
FN:200,vote-on-milestone
FN:234,release-milestone-funds
FN:256,withdraw-platform-fees
FN:269,set-platform-fee-percent
FNF:13
FNH:0
DA:65,0
DA:66,0
DA:69,0
DA:70,0
DA:73,0
DA:74,0
DA:77,0
DA:78,0
DA:81,0
DA:82,0
DA:85,0
DA:86,0
DA:92,0
DA:97,0
DA:98,0
DA:99,0
DA:100,0
DA:102,0
DA:103,0
DA:105,0
DA:106,0
DA:107,0
DA:108,0
DA:109,0
DA:110,0
DA:111,0
DA:112,0
DA:116,0
DA:117,0
DA:118,0
DA:121,0
DA:122,0
DA:127,0
DA:128,0
DA:129,0
DA:130,0
DA:131,0
DA:132,0
DA:134,0
DA:135,0
DA:136,0
DA:139,0
DA:142,0
DA:143,0
DA:145,0
DA:146,0
DA:151,0
DA:152,0
DA:153,0
DA:157,0
DA:159,0
DA:164,0
DA:170,0
DA:171,0
DA:172,0
DA:174,0
DA:175,0
DA:177,0
DA:178,0
DA:180,0
DA:181,0
DA:182,0
DA:183,0
DA:184,0
DA:185,0
DA:186,0
DA:190,0
DA:191,0
DA:192,0
DA:195,0
DA:200,0
DA:204,0
DA:205,0
DA:206,0
DA:208,0
DA:209,0
DA:212,0
DA:213,0
DA:214,0
DA:218,0
DA:219,0
DA:220,0
DA:221,0
DA:223,0
DA:224,0
DA:225,0
DA:229,0
DA:234,0
DA:235,0
DA:236,0
DA:238,0
DA:239,0
DA:240,0
DA:243,0
DA:246,0
DA:247,0
DA:248,0
DA:251,0
DA:256,0
DA:257,0
DA:258,0
DA:259,0
DA:261,0
DA:262,0
DA:264,0
DA:269,0
DA:270,0
DA:271,0
DA:272,0
DA:273,0
DA:274,0
BRF:18
BRH:0
BRDA:99,316,0,0
BRDA:100,323,0,0
BRDA:134,438,0,0
BRDA:135,445,0,0
BRDA:136,455,0,0
BRDA:174,576,0,0
BRDA:175,586,0,0
BRDA:208,689,0,0
BRDA:209,699,0,0
BRDA:219,728,0,0
BRDA:223,728,1,0
BRDA:238,814,0,0
BRDA:239,824,0,0
BRDA:240,837,0,0
BRDA:258,899,0,0
BRDA:259,906,0,0
BRDA:271,938,0,0
BRDA:272,945,0,0
end_of_record
TN:tests/fundflow-core.test.ts__FundFlow Core Contract__Investment Flow__should record investment correctly
SF:/Users/apple/Desktop/CODE4STX/sweetheart/FUNDFLOW/fundflow-smartcontract/contracts/fundflow-core.clar
FN:65,get-campaign
FN:69,get-milestone
FN:73,get-investment
FN:77,get-platform-fee-percent
FN:81,get-total-platform-fees
FN:85,calculate-platform-fee
FN:92,create-campaign
FN:127,invest-in-campaign
FN:164,add-milestone
FN:200,vote-on-milestone
FN:234,release-milestone-funds
FN:256,withdraw-platform-fees
FN:269,set-platform-fee-percent
FNDA:1,calculate-platform-fee
FNDA:1,create-campaign
FNDA:1,get-campaign
FNDA:2,get-investment
FNDA:1,invest-in-campaign
FNF:13
FNH:5
DA:65,1
DA:66,1
DA:69,0
DA:70,0
DA:73,1
DA:74,2
DA:77,0
DA:78,0
DA:81,0
DA:82,0
DA:85,1
DA:86,1
DA:92,1
DA:97,1
DA:98,1
DA:99,1
DA:100,1
DA:102,1
DA:103,1
DA:105,1
DA:106,1
DA:107,1
DA:108,1
DA:109,1
DA:110,1
DA:111,1
DA:112,1
DA:116,1
DA:117,1
DA:118,1
DA:121,1
DA:122,1
DA:127,1
DA:128,1
DA:129,1
DA:130,1
DA:131,1
DA:132,1
DA:134,1
DA:135,1
DA:136,1
DA:139,1
DA:142,1
DA:143,1
DA:145,1
DA:146,1
DA:151,1
DA:152,1
DA:153,1
DA:157,1
DA:159,1
DA:164,0
DA:170,0
DA:171,0
DA:172,0
DA:174,0
DA:175,0
DA:177,0
DA:178,0
DA:180,0
DA:181,0
DA:182,0
DA:183,0
DA:184,0
DA:185,0
DA:186,0
DA:190,0
DA:191,0
DA:192,0
DA:195,0
DA:200,0
DA:204,0
DA:205,0
DA:206,0
DA:208,0
DA:209,0
DA:212,0
DA:213,0
DA:214,0
DA:218,0
DA:219,0
DA:220,0
DA:221,0
DA:223,0
DA:224,0
DA:225,0
DA:229,0
DA:234,0
DA:235,0
DA:236,0
DA:238,0
DA:239,0
DA:240,0
DA:243,0
DA:246,0
DA:247,0
DA:248,0
DA:251,0
DA:256,0
DA:257,0
DA:258,0
DA:259,0
DA:261,0
DA:262,0
DA:264,0
DA:269,0
DA:270,0
DA:271,0
DA:272,0
DA:273,0
DA:274,0
BRF:18
BRH:0
BRDA:99,316,0,0
BRDA:100,323,0,0
BRDA:134,438,0,0
BRDA:135,445,0,0
BRDA:136,455,0,0
BRDA:174,576,0,0
BRDA:175,586,0,0
BRDA:208,689,0,0
BRDA:209,699,0,0
BRDA:219,728,0,0
BRDA:223,728,1,0
BRDA:238,814,0,0
BRDA:239,824,0,0
BRDA:240,837,0,0
BRDA:258,899,0,0
BRDA:259,906,0,0
BRDA:271,938,0,0
BRDA:272,945,0,0
end_of_record

TN:
SF:/Users/apple/Desktop/CODE4STX/sweetheart/FUNDFLOW/fundflow-smartcontract/contracts/fundflow-core.clar
FN:65,get-campaign
FN:69,get-milestone
FN:73,get-investment
FN:77,get-platform-fee-percent
FN:81,get-total-platform-fees
FN:85,calculate-platform-fee
FN:92,create-campaign
FN:127,invest-in-campaign
FN:164,add-milestone
FN:200,vote-on-milestone
FN:234,release-milestone-funds
FN:256,withdraw-platform-fees
FN:269,set-platform-fee-percent
FNF:13
FNH:0
DA:65,0
DA:66,0
DA:69,0
DA:70,0
DA:73,0
DA:74,0
DA:77,0
DA:78,0
DA:81,0
DA:82,0
DA:85,0
DA:86,0
DA:92,0
DA:97,0
DA:98,0
DA:99,0
DA:100,0
DA:102,0
DA:103,0
DA:105,0
DA:106,0
DA:107,0
DA:108,0
DA:109,0
DA:110,0
DA:111,0
DA:112,0
DA:116,0
DA:117,0
DA:118,0
DA:121,0
DA:122,0
DA:127,0
DA:128,0
DA:129,0
DA:130,0
DA:131,0
DA:132,0
DA:134,0
DA:135,0
DA:136,0
DA:139,0
DA:142,0
DA:143,0
DA:145,0
DA:146,0
DA:151,0
DA:152,0
DA:153,0
DA:157,0
DA:159,0
DA:164,0
DA:170,0
DA:171,0
DA:172,0
DA:174,0
DA:175,0
DA:177,0
DA:178,0
DA:180,0
DA:181,0
DA:182,0
DA:183,0
DA:184,0
DA:185,0
DA:186,0
DA:190,0
DA:191,0
DA:192,0
DA:195,0
DA:200,0
DA:204,0
DA:205,0
DA:206,0
DA:208,0
DA:209,0
DA:212,0
DA:213,0
DA:214,0
DA:218,0
DA:219,0
DA:220,0
DA:221,0
DA:223,0
DA:224,0
DA:225,0
DA:229,0
DA:234,0
DA:235,0
DA:236,0
DA:238,0
DA:239,0
DA:240,0
DA:243,0
DA:246,0
DA:247,0
DA:248,0
DA:251,0
DA:256,0
DA:257,0
DA:258,0
DA:259,0
DA:261,0
DA:262,0
DA:264,0
DA:269,0
DA:270,0
DA:271,0
DA:272,0
DA:273,0
DA:274,0
BRF:18
BRH:0
BRDA:99,316,0,0
BRDA:100,323,0,0
BRDA:134,438,0,0
BRDA:135,445,0,0
BRDA:136,455,0,0
BRDA:174,576,0,0
BRDA:175,586,0,0
BRDA:208,689,0,0
BRDA:209,699,0,0
BRDA:219,728,0,0
BRDA:223,728,1,0
BRDA:238,814,0,0
BRDA:239,824,0,0
BRDA:240,837,0,0
BRDA:258,899,0,0
BRDA:259,906,0,0
BRDA:271,938,0,0
BRDA:272,945,0,0
end_of_record
TN:tests/fundflow-core.test.ts__FundFlow Core Contract__Investment Flow__should reject investment in non-existent campaign
SF:/Users/apple/Desktop/CODE4STX/sweetheart/FUNDFLOW/fundflow-smartcontract/contracts/fundflow-core.clar
FN:65,get-campaign
FN:69,get-milestone
FN:73,get-investment
FN:77,get-platform-fee-percent
FN:81,get-total-platform-fees
FN:85,calculate-platform-fee
FN:92,create-campaign
FN:127,invest-in-campaign
FN:164,add-milestone
FN:200,vote-on-milestone
FN:234,release-milestone-funds
FN:256,withdraw-platform-fees
FN:269,set-platform-fee-percent
FNDA:1,create-campaign
FNDA:1,get-campaign
FNDA:1,invest-in-campaign
FNF:13
FNH:3
DA:65,1
DA:66,1
DA:69,0
DA:70,0
DA:73,0
DA:74,0
DA:77,0
DA:78,0
DA:81,0
DA:82,0
DA:85,0
DA:86,0
DA:92,1
DA:97,1
DA:98,1
DA:99,1
DA:100,1
DA:102,1
DA:103,1
DA:105,1
DA:106,1
DA:107,1
DA:108,1
DA:109,1
DA:110,1
DA:111,1
DA:112,1
DA:116,1
DA:117,1
DA:118,1
DA:121,1
DA:122,1
DA:127,1
DA:128,1
DA:129,0
DA:130,0
DA:131,0
DA:132,0
DA:134,0
DA:135,0
DA:136,0
DA:139,0
DA:142,0
DA:143,0
DA:145,0
DA:146,0
DA:151,0
DA:152,0
DA:153,0
DA:157,0
DA:159,0
DA:164,0
DA:170,0
DA:171,0
DA:172,0
DA:174,0
DA:175,0
DA:177,0
DA:178,0
DA:180,0
DA:181,0
DA:182,0
DA:183,0
DA:184,0
DA:185,0
DA:186,0
DA:190,0
DA:191,0
DA:192,0
DA:195,0
DA:200,0
DA:204,0
DA:205,0
DA:206,0
DA:208,0
DA:209,0
DA:212,0
DA:213,0
DA:214,0
DA:218,0
DA:219,0
DA:220,0
DA:221,0
DA:223,0
DA:224,0
DA:225,0
DA:229,0
DA:234,0
DA:235,0
DA:236,0
DA:238,0
DA:239,0
DA:240,0
DA:243,0
DA:246,0
DA:247,0
DA:248,0
DA:251,0
DA:256,0
DA:257,0
DA:258,0
DA:259,0
DA:261,0
DA:262,0
DA:264,0
DA:269,0
DA:270,0
DA:271,0
DA:272,0
DA:273,0
DA:274,0
BRF:18
BRH:0
BRDA:99,316,0,0
BRDA:100,323,0,0
BRDA:134,438,0,0
BRDA:135,445,0,0
BRDA:136,455,0,0
BRDA:174,576,0,0
BRDA:175,586,0,0
BRDA:208,689,0,0
BRDA:209,699,0,0
BRDA:219,728,0,0
BRDA:223,728,1,0
BRDA:238,814,0,0
BRDA:239,824,0,0
BRDA:240,837,0,0
BRDA:258,899,0,0
BRDA:259,906,0,0
BRDA:271,938,0,0
BRDA:272,945,0,0
end_of_record

TN:
SF:/Users/apple/Desktop/CODE4STX/sweetheart/FUNDFLOW/fundflow-smartcontract/contracts/fundflow-core.clar
FN:65,get-campaign
FN:69,get-milestone
FN:73,get-investment
FN:77,get-platform-fee-percent
FN:81,get-total-platform-fees
FN:85,calculate-platform-fee
FN:92,create-campaign
FN:127,invest-in-campaign
FN:164,add-milestone
FN:200,vote-on-milestone
FN:234,release-milestone-funds
FN:256,withdraw-platform-fees
FN:269,set-platform-fee-percent
FNF:13
FNH:0
DA:65,0
DA:66,0
DA:69,0
DA:70,0
DA:73,0
DA:74,0
DA:77,0
DA:78,0
DA:81,0
DA:82,0
DA:85,0
DA:86,0
DA:92,0
DA:97,0
DA:98,0
DA:99,0
DA:100,0
DA:102,0
DA:103,0
DA:105,0
DA:106,0
DA:107,0
DA:108,0
DA:109,0
DA:110,0
DA:111,0
DA:112,0
DA:116,0
DA:117,0
DA:118,0
DA:121,0
DA:122,0
DA:127,0
DA:128,0
DA:129,0
DA:130,0
DA:131,0
DA:132,0
DA:134,0
DA:135,0
DA:136,0
DA:139,0
DA:142,0
DA:143,0
DA:145,0
DA:146,0
DA:151,0
DA:152,0
DA:153,0
DA:157,0
DA:159,0
DA:164,0
DA:170,0
DA:171,0
DA:172,0
DA:174,0
DA:175,0
DA:177,0
DA:178,0
DA:180,0
DA:181,0
DA:182,0
DA:183,0
DA:184,0
DA:185,0
DA:186,0
DA:190,0
DA:191,0
DA:192,0
DA:195,0
DA:200,0
DA:204,0
DA:205,0
DA:206,0
DA:208,0
DA:209,0
DA:212,0
DA:213,0
DA:214,0
DA:218,0
DA:219,0
DA:220,0
DA:221,0
DA:223,0
DA:224,0
DA:225,0
DA:229,0
DA:234,0
DA:235,0
DA:236,0
DA:238,0
DA:239,0
DA:240,0
DA:243,0
DA:246,0
DA:247,0
DA:248,0
DA:251,0
DA:256,0
DA:257,0
DA:258,0
DA:259,0
DA:261,0
DA:262,0
DA:264,0
DA:269,0
DA:270,0
DA:271,0
DA:272,0
DA:273,0
DA:274,0
BRF:18
BRH:0
BRDA:99,316,0,0
BRDA:100,323,0,0
BRDA:134,438,0,0
BRDA:135,445,0,0
BRDA:136,455,0,0
BRDA:174,576,0,0
BRDA:175,586,0,0
BRDA:208,689,0,0
BRDA:209,699,0,0
BRDA:219,728,0,0
BRDA:223,728,1,0
BRDA:238,814,0,0
BRDA:239,824,0,0
BRDA:240,837,0,0
BRDA:258,899,0,0
BRDA:259,906,0,0
BRDA:271,938,0,0
BRDA:272,945,0,0
end_of_record
TN:tests/fundflow-core.test.ts__FundFlow Core Contract__Investment Flow__should reject zero investment
SF:/Users/apple/Desktop/CODE4STX/sweetheart/FUNDFLOW/fundflow-smartcontract/contracts/fundflow-core.clar
FN:65,get-campaign
FN:69,get-milestone
FN:73,get-investment
FN:77,get-platform-fee-percent
FN:81,get-total-platform-fees
FN:85,calculate-platform-fee
FN:92,create-campaign
FN:127,invest-in-campaign
FN:164,add-milestone
FN:200,vote-on-milestone
FN:234,release-milestone-funds
FN:256,withdraw-platform-fees
FN:269,set-platform-fee-percent
FNDA:1,calculate-platform-fee
FNDA:1,create-campaign
FNDA:1,get-campaign
FNDA:1,get-investment
FNDA:1,invest-in-campaign
FNF:13
FNH:5
DA:65,1
DA:66,1
DA:69,0
DA:70,0
DA:73,1
DA:74,1
DA:77,0
DA:78,0
DA:81,0
DA:82,0
DA:85,1
DA:86,1
DA:92,1
DA:97,1
DA:98,1
DA:99,1
DA:100,1
DA:102,1
DA:103,1
DA:105,1
DA:106,1
DA:107,1
DA:108,1
DA:109,1
DA:110,1
DA:111,1
DA:112,1
DA:116,1
DA:117,1
DA:118,1
DA:121,1
DA:122,1
DA:127,1
DA:128,1
DA:129,1
DA:130,1
DA:131,1
DA:132,1
DA:134,1
DA:135,1
DA:136,1
DA:139,0
DA:142,0
DA:143,0
DA:145,0
DA:146,0
DA:151,0
DA:152,0
DA:153,0
DA:157,0
DA:159,0
DA:164,0
DA:170,0
DA:171,0
DA:172,0
DA:174,0
DA:175,0
DA:177,0
DA:178,0
DA:180,0
DA:181,0
DA:182,0
DA:183,0
DA:184,0
DA:185,0
DA:186,0
DA:190,0
DA:191,0
DA:192,0
DA:195,0
DA:200,0
DA:204,0
DA:205,0
DA:206,0
DA:208,0
DA:209,0
DA:212,0
DA:213,0
DA:214,0
DA:218,0
DA:219,0
DA:220,0
DA:221,0
DA:223,0
DA:224,0
DA:225,0
DA:229,0
DA:234,0
DA:235,0
DA:236,0
DA:238,0
DA:239,0
DA:240,0
DA:243,0
DA:246,0
DA:247,0
DA:248,0
DA:251,0
DA:256,0
DA:257,0
DA:258,0
DA:259,0
DA:261,0
DA:262,0
DA:264,0
DA:269,0
DA:270,0
DA:271,0
DA:272,0
DA:273,0
DA:274,0
BRF:18
BRH:1
BRDA:99,316,0,0
BRDA:100,323,0,0
BRDA:134,438,0,0
BRDA:135,445,0,0
BRDA:136,455,0,1
BRDA:174,576,0,0
BRDA:175,586,0,0
BRDA:208,689,0,0
BRDA:209,699,0,0
BRDA:219,728,0,0
BRDA:223,728,1,0
BRDA:238,814,0,0
BRDA:239,824,0,0
BRDA:240,837,0,0
BRDA:258,899,0,0
BRDA:259,906,0,0
BRDA:271,938,0,0
BRDA:272,945,0,0
end_of_record

TN:
SF:/Users/apple/Desktop/CODE4STX/sweetheart/FUNDFLOW/fundflow-smartcontract/contracts/fundflow-core.clar
FN:65,get-campaign
FN:69,get-milestone
FN:73,get-investment
FN:77,get-platform-fee-percent
FN:81,get-total-platform-fees
FN:85,calculate-platform-fee
FN:92,create-campaign
FN:127,invest-in-campaign
FN:164,add-milestone
FN:200,vote-on-milestone
FN:234,release-milestone-funds
FN:256,withdraw-platform-fees
FN:269,set-platform-fee-percent
FNF:13
FNH:0
DA:65,0
DA:66,0
DA:69,0
DA:70,0
DA:73,0
DA:74,0
DA:77,0
DA:78,0
DA:81,0
DA:82,0
DA:85,0
DA:86,0
DA:92,0
DA:97,0
DA:98,0
DA:99,0
DA:100,0
DA:102,0
DA:103,0
DA:105,0
DA:106,0
DA:107,0
DA:108,0
DA:109,0
DA:110,0
DA:111,0
DA:112,0
DA:116,0
DA:117,0
DA:118,0
DA:121,0
DA:122,0
DA:127,0
DA:128,0
DA:129,0
DA:130,0
DA:131,0
DA:132,0
DA:134,0
DA:135,0
DA:136,0
DA:139,0
DA:142,0
DA:143,0
DA:145,0
DA:146,0
DA:151,0
DA:152,0
DA:153,0
DA:157,0
DA:159,0
DA:164,0
DA:170,0
DA:171,0
DA:172,0
DA:174,0
DA:175,0
DA:177,0
DA:178,0
DA:180,0
DA:181,0
DA:182,0
DA:183,0
DA:184,0
DA:185,0
DA:186,0
DA:190,0
DA:191,0
DA:192,0
DA:195,0
DA:200,0
DA:204,0
DA:205,0
DA:206,0
DA:208,0
DA:209,0
DA:212,0
DA:213,0
DA:214,0
DA:218,0
DA:219,0
DA:220,0
DA:221,0
DA:223,0
DA:224,0
DA:225,0
DA:229,0
DA:234,0
DA:235,0
DA:236,0
DA:238,0
DA:239,0
DA:240,0
DA:243,0
DA:246,0
DA:247,0
DA:248,0
DA:251,0
DA:256,0
DA:257,0
DA:258,0
DA:259,0
DA:261,0
DA:262,0
DA:264,0
DA:269,0
DA:270,0
DA:271,0
DA:272,0
DA:273,0
DA:274,0
BRF:18
BRH:0
BRDA:99,316,0,0
BRDA:100,323,0,0
BRDA:134,438,0,0
BRDA:135,445,0,0
BRDA:136,455,0,0
BRDA:174,576,0,0
BRDA:175,586,0,0
BRDA:208,689,0,0
BRDA:209,699,0,0
BRDA:219,728,0,0
BRDA:223,728,1,0
BRDA:238,814,0,0
BRDA:239,824,0,0
BRDA:240,837,0,0
BRDA:258,899,0,0
BRDA:259,906,0,0
BRDA:271,938,0,0
BRDA:272,945,0,0
end_of_record
TN:tests/fundflow-core.test.ts__FundFlow Core Contract__Investment Flow__should reject investment in expired campaign
SF:/Users/apple/Desktop/CODE4STX/sweetheart/FUNDFLOW/fundflow-smartcontract/contracts/fundflow-core.clar
FN:65,get-campaign
FN:69,get-milestone
FN:73,get-investment
FN:77,get-platform-fee-percent
FN:81,get-total-platform-fees
FN:85,calculate-platform-fee
FN:92,create-campaign
FN:127,invest-in-campaign
FN:164,add-milestone
FN:200,vote-on-milestone
FN:234,release-milestone-funds
FN:256,withdraw-platform-fees
FN:269,set-platform-fee-percent
FNDA:1,calculate-platform-fee
FNDA:1,create-campaign
FNDA:1,get-campaign
FNDA:1,get-investment
FNDA:1,invest-in-campaign
FNF:13
FNH:5
DA:65,1
DA:66,1
DA:69,0
DA:70,0
DA:73,1
DA:74,1
DA:77,0
DA:78,0
DA:81,0
DA:82,0
DA:85,1
DA:86,1
DA:92,1
DA:97,1
DA:98,1
DA:99,1
DA:100,1
DA:102,1
DA:103,1
DA:105,1
DA:106,1
DA:107,1
DA:108,1
DA:109,1
DA:110,1
DA:111,1
DA:112,1
DA:116,1
DA:117,1
DA:118,1
DA:121,1
DA:122,1
DA:127,1
DA:128,1
DA:129,1
DA:130,1
DA:131,1
DA:132,1
DA:134,1
DA:135,1
DA:136,0
DA:139,0
DA:142,0
DA:143,0
DA:145,0
DA:146,0
DA:151,0
DA:152,0
DA:153,0
DA:157,0
DA:159,0
DA:164,0
DA:170,0
DA:171,0
DA:172,0
DA:174,0
DA:175,0
DA:177,0
DA:178,0
DA:180,0
DA:181,0
DA:182,0
DA:183,0
DA:184,0
DA:185,0
DA:186,0
DA:190,0
DA:191,0
DA:192,0
DA:195,0
DA:200,0
DA:204,0
DA:205,0
DA:206,0
DA:208,0
DA:209,0
DA:212,0
DA:213,0
DA:214,0
DA:218,0
DA:219,0
DA:220,0
DA:221,0
DA:223,0
DA:224,0
DA:225,0
DA:229,0
DA:234,0
DA:235,0
DA:236,0
DA:238,0
DA:239,0
DA:240,0
DA:243,0
DA:246,0
DA:247,0
DA:248,0
DA:251,0
DA:256,0
DA:257,0
DA:258,0
DA:259,0
DA:261,0
DA:262,0
DA:264,0
DA:269,0
DA:270,0
DA:271,0
DA:272,0
DA:273,0
DA:274,0
BRF:18
BRH:1
BRDA:99,316,0,0
BRDA:100,323,0,0
BRDA:134,438,0,0
BRDA:135,445,0,1
BRDA:136,455,0,0
BRDA:174,576,0,0
BRDA:175,586,0,0
BRDA:208,689,0,0
BRDA:209,699,0,0
BRDA:219,728,0,0
BRDA:223,728,1,0
BRDA:238,814,0,0
BRDA:239,824,0,0
BRDA:240,837,0,0
BRDA:258,899,0,0
BRDA:259,906,0,0
BRDA:271,938,0,0
BRDA:272,945,0,0
end_of_record

TN:
SF:/Users/apple/Desktop/CODE4STX/sweetheart/FUNDFLOW/fundflow-smartcontract/contracts/fundflow-core.clar
FN:65,get-campaign
FN:69,get-milestone
FN:73,get-investment
FN:77,get-platform-fee-percent
FN:81,get-total-platform-fees
FN:85,calculate-platform-fee
FN:92,create-campaign
FN:127,invest-in-campaign
FN:164,add-milestone
FN:200,vote-on-milestone
FN:234,release-milestone-funds
FN:256,withdraw-platform-fees
FN:269,set-platform-fee-percent
FNF:13
FNH:0
DA:65,0
DA:66,0
DA:69,0
DA:70,0
DA:73,0
DA:74,0
DA:77,0
DA:78,0
DA:81,0
DA:82,0
DA:85,0
DA:86,0
DA:92,0
DA:97,0
DA:98,0
DA:99,0
DA:100,0
DA:102,0
DA:103,0
DA:105,0
DA:106,0
DA:107,0
DA:108,0
DA:109,0
DA:110,0
DA:111,0
DA:112,0
DA:116,0
DA:117,0
DA:118,0
DA:121,0
DA:122,0
DA:127,0
DA:128,0
DA:129,0
DA:130,0
DA:131,0
DA:132,0
DA:134,0
DA:135,0
DA:136,0
DA:139,0
DA:142,0
DA:143,0
DA:145,0
DA:146,0
DA:151,0
DA:152,0
DA:153,0
DA:157,0
DA:159,0
DA:164,0
DA:170,0
DA:171,0
DA:172,0
DA:174,0
DA:175,0
DA:177,0
DA:178,0
DA:180,0
DA:181,0
DA:182,0
DA:183,0
DA:184,0
DA:185,0
DA:186,0
DA:190,0
DA:191,0
DA:192,0
DA:195,0
DA:200,0
DA:204,0
DA:205,0
DA:206,0
DA:208,0
DA:209,0
DA:212,0
DA:213,0
DA:214,0
DA:218,0
DA:219,0
DA:220,0
DA:221,0
DA:223,0
DA:224,0
DA:225,0
DA:229,0
DA:234,0
DA:235,0
DA:236,0
DA:238,0
DA:239,0
DA:240,0
DA:243,0
DA:246,0
DA:247,0
DA:248,0
DA:251,0
DA:256,0
DA:257,0
DA:258,0
DA:259,0
DA:261,0
DA:262,0
DA:264,0
DA:269,0
DA:270,0
DA:271,0
DA:272,0
DA:273,0
DA:274,0
BRF:18
BRH:0
BRDA:99,316,0,0
BRDA:100,323,0,0
BRDA:134,438,0,0
BRDA:135,445,0,0
BRDA:136,455,0,0
BRDA:174,576,0,0
BRDA:175,586,0,0
BRDA:208,689,0,0
BRDA:209,699,0,0
BRDA:219,728,0,0
BRDA:223,728,1,0
BRDA:238,814,0,0
BRDA:239,824,0,0
BRDA:240,837,0,0
BRDA:258,899,0,0
BRDA:259,906,0,0
BRDA:271,938,0,0
BRDA:272,945,0,0
end_of_record
TN:tests/fundflow-core.test.ts__FundFlow Core Contract__Milestone Management__should allow campaign creator to add milestone
SF:/Users/apple/Desktop/CODE4STX/sweetheart/FUNDFLOW/fundflow-smartcontract/contracts/fundflow-core.clar
FN:65,get-campaign
FN:69,get-milestone
FN:73,get-investment
FN:77,get-platform-fee-percent
FN:81,get-total-platform-fees
FN:85,calculate-platform-fee
FN:92,create-campaign
FN:127,invest-in-campaign
FN:164,add-milestone
FN:200,vote-on-milestone
FN:234,release-milestone-funds
FN:256,withdraw-platform-fees
FN:269,set-platform-fee-percent
FNDA:1,add-milestone
FNDA:1,calculate-platform-fee
FNDA:1,create-campaign
FNDA:2,get-campaign
FNDA:1,get-investment
FNDA:1,invest-in-campaign
FNF:13
FNH:6
DA:65,1
DA:66,2
DA:69,0
DA:70,0
DA:73,1
DA:74,1
DA:77,0
DA:78,0
DA:81,0
DA:82,0
DA:85,1
DA:86,1
DA:92,1
DA:97,1
DA:98,1
DA:99,1
DA:100,1
DA:102,1
DA:103,1
DA:105,1
DA:106,1
DA:107,1
DA:108,1
DA:109,1
DA:110,1
DA:111,1
DA:112,1
DA:116,1
DA:117,1
DA:118,1
DA:121,1
DA:122,1
DA:127,1
DA:128,1
DA:129,1
DA:130,1
DA:131,1
DA:132,1
DA:134,1
DA:135,1
DA:136,1
DA:139,1
DA:142,1
DA:143,1
DA:145,1
DA:146,1
DA:151,1
DA:152,1
DA:153,1
DA:157,1
DA:159,1
DA:164,1
DA:170,1
DA:171,1
DA:172,1
DA:174,1
DA:175,1
DA:177,1
DA:178,1
DA:180,1
DA:181,1
DA:182,1
DA:183,1
DA:184,1
DA:185,1
DA:186,1
DA:190,1
DA:191,1
DA:192,1
DA:195,1
DA:200,0
DA:204,0
DA:205,0
DA:206,0
DA:208,0
DA:209,0
DA:212,0
DA:213,0
DA:214,0
DA:218,0
DA:219,0
DA:220,0
DA:221,0
DA:223,0
DA:224,0
DA:225,0
DA:229,0
DA:234,0
DA:235,0
DA:236,0
DA:238,0
DA:239,0
DA:240,0
DA:243,0
DA:246,0
DA:247,0
DA:248,0
DA:251,0
DA:256,0
DA:257,0
DA:258,0
DA:259,0
DA:261,0
DA:262,0
DA:264,0
DA:269,0
DA:270,0
DA:271,0
DA:272,0
DA:273,0
DA:274,0
BRF:18
BRH:0
BRDA:99,316,0,0
BRDA:100,323,0,0
BRDA:134,438,0,0
BRDA:135,445,0,0
BRDA:136,455,0,0
BRDA:174,576,0,0
BRDA:175,586,0,0
BRDA:208,689,0,0
BRDA:209,699,0,0
BRDA:219,728,0,0
BRDA:223,728,1,0
BRDA:238,814,0,0
BRDA:239,824,0,0
BRDA:240,837,0,0
BRDA:258,899,0,0
BRDA:259,906,0,0
BRDA:271,938,0,0
BRDA:272,945,0,0
end_of_record

TN:
SF:/Users/apple/Desktop/CODE4STX/sweetheart/FUNDFLOW/fundflow-smartcontract/contracts/fundflow-core.clar
FN:65,get-campaign
FN:69,get-milestone
FN:73,get-investment
FN:77,get-platform-fee-percent
FN:81,get-total-platform-fees
FN:85,calculate-platform-fee
FN:92,create-campaign
FN:127,invest-in-campaign
FN:164,add-milestone
FN:200,vote-on-milestone
FN:234,release-milestone-funds
FN:256,withdraw-platform-fees
FN:269,set-platform-fee-percent
FNF:13
FNH:0
DA:65,0
DA:66,0
DA:69,0
DA:70,0
DA:73,0
DA:74,0
DA:77,0
DA:78,0
DA:81,0
DA:82,0
DA:85,0
DA:86,0
DA:92,0
DA:97,0
DA:98,0
DA:99,0
DA:100,0
DA:102,0
DA:103,0
DA:105,0
DA:106,0
DA:107,0
DA:108,0
DA:109,0
DA:110,0
DA:111,0
DA:112,0
DA:116,0
DA:117,0
DA:118,0
DA:121,0
DA:122,0
DA:127,0
DA:128,0
DA:129,0
DA:130,0
DA:131,0
DA:132,0
DA:134,0
DA:135,0
DA:136,0
DA:139,0
DA:142,0
DA:143,0
DA:145,0
DA:146,0
DA:151,0
DA:152,0
DA:153,0
DA:157,0
DA:159,0
DA:164,0
DA:170,0
DA:171,0
DA:172,0
DA:174,0
DA:175,0
DA:177,0
DA:178,0
DA:180,0
DA:181,0
DA:182,0
DA:183,0
DA:184,0
DA:185,0
DA:186,0
DA:190,0
DA:191,0
DA:192,0
DA:195,0
DA:200,0
DA:204,0
DA:205,0
DA:206,0
DA:208,0
DA:209,0
DA:212,0
DA:213,0
DA:214,0
DA:218,0
DA:219,0
DA:220,0
DA:221,0
DA:223,0
DA:224,0
DA:225,0
DA:229,0
DA:234,0
DA:235,0
DA:236,0
DA:238,0
DA:239,0
DA:240,0
DA:243,0
DA:246,0
DA:247,0
DA:248,0
DA:251,0
DA:256,0
DA:257,0
DA:258,0
DA:259,0
DA:261,0
DA:262,0
DA:264,0
DA:269,0
DA:270,0
DA:271,0
DA:272,0
DA:273,0
DA:274,0
BRF:18
BRH:0
BRDA:99,316,0,0
BRDA:100,323,0,0
BRDA:134,438,0,0
BRDA:135,445,0,0
BRDA:136,455,0,0
BRDA:174,576,0,0
BRDA:175,586,0,0
BRDA:208,689,0,0
BRDA:209,699,0,0
BRDA:219,728,0,0
BRDA:223,728,1,0
BRDA:238,814,0,0
BRDA:239,824,0,0
BRDA:240,837,0,0
BRDA:258,899,0,0
BRDA:259,906,0,0
BRDA:271,938,0,0
BRDA:272,945,0,0
end_of_record
TN:tests/fundflow-core.test.ts__FundFlow Core Contract__Milestone Management__should reject milestone creation by non-creator
SF:/Users/apple/Desktop/CODE4STX/sweetheart/FUNDFLOW/fundflow-smartcontract/contracts/fundflow-core.clar
FN:65,get-campaign
FN:69,get-milestone
FN:73,get-investment
FN:77,get-platform-fee-percent
FN:81,get-total-platform-fees
FN:85,calculate-platform-fee
FN:92,create-campaign
FN:127,invest-in-campaign
FN:164,add-milestone
FN:200,vote-on-milestone
FN:234,release-milestone-funds
FN:256,withdraw-platform-fees
FN:269,set-platform-fee-percent
FNDA:1,add-milestone
FNDA:1,calculate-platform-fee
FNDA:1,create-campaign
FNDA:2,get-campaign
FNDA:1,get-investment
FNDA:1,invest-in-campaign
FNF:13
FNH:6
DA:65,1
DA:66,2
DA:69,0
DA:70,0
DA:73,1
DA:74,1
DA:77,0
DA:78,0
DA:81,0
DA:82,0
DA:85,1
DA:86,1
DA:92,1
DA:97,1
DA:98,1
DA:99,1
DA:100,1
DA:102,1
DA:103,1
DA:105,1
DA:106,1
DA:107,1
DA:108,1
DA:109,1
DA:110,1
DA:111,1
DA:112,1
DA:116,1
DA:117,1
DA:118,1
DA:121,1
DA:122,1
DA:127,1
DA:128,1
DA:129,1
DA:130,1
DA:131,1
DA:132,1
DA:134,1
DA:135,1
DA:136,1
DA:139,1
DA:142,1
DA:143,1
DA:145,1
DA:146,1
DA:151,1
DA:152,1
DA:153,1
DA:157,1
DA:159,1
DA:164,1
DA:170,1
DA:171,1
DA:172,1
DA:174,1
DA:175,0
DA:177,0
DA:178,0
DA:180,0
DA:181,0
DA:182,0
DA:183,0
DA:184,0
DA:185,0
DA:186,0
DA:190,0
DA:191,0
DA:192,0
DA:195,0
DA:200,0
DA:204,0
DA:205,0
DA:206,0
DA:208,0
DA:209,0
DA:212,0
DA:213,0
DA:214,0
DA:218,0
DA:219,0
DA:220,0
DA:221,0
DA:223,0
DA:224,0
DA:225,0
DA:229,0
DA:234,0
DA:235,0
DA:236,0
DA:238,0
DA:239,0
DA:240,0
DA:243,0
DA:246,0
DA:247,0
DA:248,0
DA:251,0
DA:256,0
DA:257,0
DA:258,0
DA:259,0
DA:261,0
DA:262,0
DA:264,0
DA:269,0
DA:270,0
DA:271,0
DA:272,0
DA:273,0
DA:274,0
BRF:18
BRH:1
BRDA:99,316,0,0
BRDA:100,323,0,0
BRDA:134,438,0,0
BRDA:135,445,0,0
BRDA:136,455,0,0
BRDA:174,576,0,1
BRDA:175,586,0,0
BRDA:208,689,0,0
BRDA:209,699,0,0
BRDA:219,728,0,0
BRDA:223,728,1,0
BRDA:238,814,0,0
BRDA:239,824,0,0
BRDA:240,837,0,0
BRDA:258,899,0,0
BRDA:259,906,0,0
BRDA:271,938,0,0
BRDA:272,945,0,0
end_of_record

TN:
SF:/Users/apple/Desktop/CODE4STX/sweetheart/FUNDFLOW/fundflow-smartcontract/contracts/fundflow-core.clar
FN:65,get-campaign
FN:69,get-milestone
FN:73,get-investment
FN:77,get-platform-fee-percent
FN:81,get-total-platform-fees
FN:85,calculate-platform-fee
FN:92,create-campaign
FN:127,invest-in-campaign
FN:164,add-milestone
FN:200,vote-on-milestone
FN:234,release-milestone-funds
FN:256,withdraw-platform-fees
FN:269,set-platform-fee-percent
FNF:13
FNH:0
DA:65,0
DA:66,0
DA:69,0
DA:70,0
DA:73,0
DA:74,0
DA:77,0
DA:78,0
DA:81,0
DA:82,0
DA:85,0
DA:86,0
DA:92,0
DA:97,0
DA:98,0
DA:99,0
DA:100,0
DA:102,0
DA:103,0
DA:105,0
DA:106,0
DA:107,0
DA:108,0
DA:109,0
DA:110,0
DA:111,0
DA:112,0
DA:116,0
DA:117,0
DA:118,0
DA:121,0
DA:122,0
DA:127,0
DA:128,0
DA:129,0
DA:130,0
DA:131,0
DA:132,0
DA:134,0
DA:135,0
DA:136,0
DA:139,0
DA:142,0
DA:143,0
DA:145,0
DA:146,0
DA:151,0
DA:152,0
DA:153,0
DA:157,0
DA:159,0
DA:164,0
DA:170,0
DA:171,0
DA:172,0
DA:174,0
DA:175,0
DA:177,0
DA:178,0
DA:180,0
DA:181,0
DA:182,0
DA:183,0
DA:184,0
DA:185,0
DA:186,0
DA:190,0
DA:191,0
DA:192,0
DA:195,0
DA:200,0
DA:204,0
DA:205,0
DA:206,0
DA:208,0
DA:209,0
DA:212,0
DA:213,0
DA:214,0
DA:218,0
DA:219,0
DA:220,0
DA:221,0
DA:223,0
DA:224,0
DA:225,0
DA:229,0
DA:234,0
DA:235,0
DA:236,0
DA:238,0
DA:239,0
DA:240,0
DA:243,0
DA:246,0
DA:247,0
DA:248,0
DA:251,0
DA:256,0
DA:257,0
DA:258,0
DA:259,0
DA:261,0
DA:262,0
DA:264,0
DA:269,0
DA:270,0
DA:271,0
DA:272,0
DA:273,0
DA:274,0
BRF:18
BRH:0
BRDA:99,316,0,0
BRDA:100,323,0,0
BRDA:134,438,0,0
BRDA:135,445,0,0
BRDA:136,455,0,0
BRDA:174,576,0,0
BRDA:175,586,0,0
BRDA:208,689,0,0
BRDA:209,699,0,0
BRDA:219,728,0,0
BRDA:223,728,1,0
BRDA:238,814,0,0
BRDA:239,824,0,0
BRDA:240,837,0,0
BRDA:258,899,0,0
BRDA:259,906,0,0
BRDA:271,938,0,0
BRDA:272,945,0,0
end_of_record
TN:tests/fundflow-core.test.ts__FundFlow Core Contract__Milestone Management__should store milestone data correctly
SF:/Users/apple/Desktop/CODE4STX/sweetheart/FUNDFLOW/fundflow-smartcontract/contracts/fundflow-core.clar
FN:65,get-campaign
FN:69,get-milestone
FN:73,get-investment
FN:77,get-platform-fee-percent
FN:81,get-total-platform-fees
FN:85,calculate-platform-fee
FN:92,create-campaign
FN:127,invest-in-campaign
FN:164,add-milestone
FN:200,vote-on-milestone
FN:234,release-milestone-funds
FN:256,withdraw-platform-fees
FN:269,set-platform-fee-percent
FNDA:1,add-milestone
FNDA:1,calculate-platform-fee
FNDA:1,create-campaign
FNDA:2,get-campaign
FNDA:1,get-investment
FNDA:1,get-milestone
FNDA:1,invest-in-campaign
FNF:13
FNH:7
DA:65,1
DA:66,2
DA:69,1
DA:70,1
DA:73,1
DA:74,1
DA:77,0
DA:78,0
DA:81,0
DA:82,0
DA:85,1
DA:86,1
DA:92,1
DA:97,1
DA:98,1
DA:99,1
DA:100,1
DA:102,1
DA:103,1
DA:105,1
DA:106,1
DA:107,1
DA:108,1
DA:109,1
DA:110,1
DA:111,1
DA:112,1
DA:116,1
DA:117,1
DA:118,1
DA:121,1
DA:122,1
DA:127,1
DA:128,1
DA:129,1
DA:130,1
DA:131,1
DA:132,1
DA:134,1
DA:135,1
DA:136,1
DA:139,1
DA:142,1
DA:143,1
DA:145,1
DA:146,1
DA:151,1
DA:152,1
DA:153,1
DA:157,1
DA:159,1
DA:164,1
DA:170,1
DA:171,1
DA:172,1
DA:174,1
DA:175,1
DA:177,1
DA:178,1
DA:180,1
DA:181,1
DA:182,1
DA:183,1
DA:184,1
DA:185,1
DA:186,1
DA:190,1
DA:191,1
DA:192,1
DA:195,1
DA:200,0
DA:204,0
DA:205,0
DA:206,0
DA:208,0
DA:209,0
DA:212,0
DA:213,0
DA:214,0
DA:218,0
DA:219,0
DA:220,0
DA:221,0
DA:223,0
DA:224,0
DA:225,0
DA:229,0
DA:234,0
DA:235,0
DA:236,0
DA:238,0
DA:239,0
DA:240,0
DA:243,0
DA:246,0
DA:247,0
DA:248,0
DA:251,0
DA:256,0
DA:257,0
DA:258,0
DA:259,0
DA:261,0
DA:262,0
DA:264,0
DA:269,0
DA:270,0
DA:271,0
DA:272,0
DA:273,0
DA:274,0
BRF:18
BRH:0
BRDA:99,316,0,0
BRDA:100,323,0,0
BRDA:134,438,0,0
BRDA:135,445,0,0
BRDA:136,455,0,0
BRDA:174,576,0,0
BRDA:175,586,0,0
BRDA:208,689,0,0
BRDA:209,699,0,0
BRDA:219,728,0,0
BRDA:223,728,1,0
BRDA:238,814,0,0
BRDA:239,824,0,0
BRDA:240,837,0,0
BRDA:258,899,0,0
BRDA:259,906,0,0
BRDA:271,938,0,0
BRDA:272,945,0,0
end_of_record

TN:
SF:/Users/apple/Desktop/CODE4STX/sweetheart/FUNDFLOW/fundflow-smartcontract/contracts/fundflow-core.clar
FN:65,get-campaign
FN:69,get-milestone
FN:73,get-investment
FN:77,get-platform-fee-percent
FN:81,get-total-platform-fees
FN:85,calculate-platform-fee
FN:92,create-campaign
FN:127,invest-in-campaign
FN:164,add-milestone
FN:200,vote-on-milestone
FN:234,release-milestone-funds
FN:256,withdraw-platform-fees
FN:269,set-platform-fee-percent
FNF:13
FNH:0
DA:65,0
DA:66,0
DA:69,0
DA:70,0
DA:73,0
DA:74,0
DA:77,0
DA:78,0
DA:81,0
DA:82,0
DA:85,0
DA:86,0
DA:92,0
DA:97,0
DA:98,0
DA:99,0
DA:100,0
DA:102,0
DA:103,0
DA:105,0
DA:106,0
DA:107,0
DA:108,0
DA:109,0
DA:110,0
DA:111,0
DA:112,0
DA:116,0
DA:117,0
DA:118,0
DA:121,0
DA:122,0
DA:127,0
DA:128,0
DA:129,0
DA:130,0
DA:131,0
DA:132,0
DA:134,0
DA:135,0
DA:136,0
DA:139,0
DA:142,0
DA:143,0
DA:145,0
DA:146,0
DA:151,0
DA:152,0
DA:153,0
DA:157,0
DA:159,0
DA:164,0
DA:170,0
DA:171,0
DA:172,0
DA:174,0
DA:175,0
DA:177,0
DA:178,0
DA:180,0
DA:181,0
DA:182,0
DA:183,0
DA:184,0
DA:185,0
DA:186,0
DA:190,0
DA:191,0
DA:192,0
DA:195,0
DA:200,0
DA:204,0
DA:205,0
DA:206,0
DA:208,0
DA:209,0
DA:212,0
DA:213,0
DA:214,0
DA:218,0
DA:219,0
DA:220,0
DA:221,0
DA:223,0
DA:224,0
DA:225,0
DA:229,0
DA:234,0
DA:235,0
DA:236,0
DA:238,0
DA:239,0
DA:240,0
DA:243,0
DA:246,0
DA:247,0
DA:248,0
DA:251,0
DA:256,0
DA:257,0
DA:258,0
DA:259,0
DA:261,0
DA:262,0
DA:264,0
DA:269,0
DA:270,0
DA:271,0
DA:272,0
DA:273,0
DA:274,0
BRF:18
BRH:0
BRDA:99,316,0,0
BRDA:100,323,0,0
BRDA:134,438,0,0
BRDA:135,445,0,0
BRDA:136,455,0,0
BRDA:174,576,0,0
BRDA:175,586,0,0
BRDA:208,689,0,0
BRDA:209,699,0,0
BRDA:219,728,0,0
BRDA:223,728,1,0
BRDA:238,814,0,0
BRDA:239,824,0,0
BRDA:240,837,0,0
BRDA:258,899,0,0
BRDA:259,906,0,0
BRDA:271,938,0,0
BRDA:272,945,0,0
end_of_record
TN:tests/fundflow-core.test.ts__FundFlow Core Contract__Milestone Voting__should allow investors to vote on milestones
SF:/Users/apple/Desktop/CODE4STX/sweetheart/FUNDFLOW/fundflow-smartcontract/contracts/fundflow-core.clar
FN:65,get-campaign
FN:69,get-milestone
FN:73,get-investment
FN:77,get-platform-fee-percent
FN:81,get-total-platform-fees
FN:85,calculate-platform-fee
FN:92,create-campaign
FN:127,invest-in-campaign
FN:164,add-milestone
FN:200,vote-on-milestone
FN:234,release-milestone-funds
FN:256,withdraw-platform-fees
FN:269,set-platform-fee-percent
FNDA:1,add-milestone
FNDA:2,calculate-platform-fee
FNDA:1,create-campaign
FNDA:3,get-campaign
FNDA:3,get-investment
FNDA:1,get-milestone
FNDA:2,invest-in-campaign
FNDA:1,vote-on-milestone
FNF:13
FNH:8
DA:65,1
DA:66,3
DA:69,1
DA:70,1
DA:73,1
DA:74,3
DA:77,0
DA:78,0
DA:81,0
DA:82,0
DA:85,1
DA:86,2
DA:92,1
DA:97,1
DA:98,1
DA:99,1
DA:100,1
DA:102,1
DA:103,1
DA:105,1
DA:106,1
DA:107,1
DA:108,1
DA:109,1
DA:110,1
DA:111,1
DA:112,1
DA:116,1
DA:117,1
DA:118,1
DA:121,1
DA:122,1
DA:127,1
DA:128,2
DA:129,2
DA:130,2
DA:131,2
DA:132,2
DA:134,2
DA:135,2
DA:136,2
DA:139,2
DA:142,2
DA:143,2
DA:145,2
DA:146,2
DA:151,2
DA:152,2
DA:153,2
DA:157,2
DA:159,2
DA:164,1
DA:170,1
DA:171,1
DA:172,1
DA:174,1
DA:175,1
DA:177,1
DA:178,1
DA:180,1
DA:181,1
DA:182,1
DA:183,1
DA:184,1
DA:185,1
DA:186,1
DA:190,1
DA:191,1
DA:192,1
DA:195,1
DA:200,1
DA:204,1
DA:205,1
DA:206,1
DA:208,1
DA:209,1
DA:212,1
DA:213,1
DA:214,1
DA:218,1
DA:219,1
DA:220,1
DA:221,1
DA:223,0
DA:224,0
DA:225,0
DA:229,1
DA:234,0
DA:235,0
DA:236,0
DA:238,0
DA:239,0
DA:240,0
DA:243,0
DA:246,0
DA:247,0
DA:248,0
DA:251,0
DA:256,0
DA:257,0
DA:258,0
DA:259,0
DA:261,0
DA:262,0
DA:264,0
DA:269,0
DA:270,0
DA:271,0
DA:272,0
DA:273,0
DA:274,0
BRF:18
BRH:1
BRDA:99,316,0,0
BRDA:100,323,0,0
BRDA:134,438,0,0
BRDA:135,445,0,0
BRDA:136,455,0,0
BRDA:174,576,0,0
BRDA:175,586,0,0
BRDA:208,689,0,0
BRDA:209,699,0,0
BRDA:219,728,0,1
BRDA:223,728,1,0
BRDA:238,814,0,0
BRDA:239,824,0,0
BRDA:240,837,0,0
BRDA:258,899,0,0
BRDA:259,906,0,0
BRDA:271,938,0,0
BRDA:272,945,0,0
end_of_record

TN:
SF:/Users/apple/Desktop/CODE4STX/sweetheart/FUNDFLOW/fundflow-smartcontract/contracts/fundflow-core.clar
FN:65,get-campaign
FN:69,get-milestone
FN:73,get-investment
FN:77,get-platform-fee-percent
FN:81,get-total-platform-fees
FN:85,calculate-platform-fee
FN:92,create-campaign
FN:127,invest-in-campaign
FN:164,add-milestone
FN:200,vote-on-milestone
FN:234,release-milestone-funds
FN:256,withdraw-platform-fees
FN:269,set-platform-fee-percent
FNF:13
FNH:0
DA:65,0
DA:66,0
DA:69,0
DA:70,0
DA:73,0
DA:74,0
DA:77,0
DA:78,0
DA:81,0
DA:82,0
DA:85,0
DA:86,0
DA:92,0
DA:97,0
DA:98,0
DA:99,0
DA:100,0
DA:102,0
DA:103,0
DA:105,0
DA:106,0
DA:107,0
DA:108,0
DA:109,0
DA:110,0
DA:111,0
DA:112,0
DA:116,0
DA:117,0
DA:118,0
DA:121,0
DA:122,0
DA:127,0
DA:128,0
DA:129,0
DA:130,0
DA:131,0
DA:132,0
DA:134,0
DA:135,0
DA:136,0
DA:139,0
DA:142,0
DA:143,0
DA:145,0
DA:146,0
DA:151,0
DA:152,0
DA:153,0
DA:157,0
DA:159,0
DA:164,0
DA:170,0
DA:171,0
DA:172,0
DA:174,0
DA:175,0
DA:177,0
DA:178,0
DA:180,0
DA:181,0
DA:182,0
DA:183,0
DA:184,0
DA:185,0
DA:186,0
DA:190,0
DA:191,0
DA:192,0
DA:195,0
DA:200,0
DA:204,0
DA:205,0
DA:206,0
DA:208,0
DA:209,0
DA:212,0
DA:213,0
DA:214,0
DA:218,0
DA:219,0
DA:220,0
DA:221,0
DA:223,0
DA:224,0
DA:225,0
DA:229,0
DA:234,0
DA:235,0
DA:236,0
DA:238,0
DA:239,0
DA:240,0
DA:243,0
DA:246,0
DA:247,0
DA:248,0
DA:251,0
DA:256,0
DA:257,0
DA:258,0
DA:259,0
DA:261,0
DA:262,0
DA:264,0
DA:269,0
DA:270,0
DA:271,0
DA:272,0
DA:273,0
DA:274,0
BRF:18
BRH:0
BRDA:99,316,0,0
BRDA:100,323,0,0
BRDA:134,438,0,0
BRDA:135,445,0,0
BRDA:136,455,0,0
BRDA:174,576,0,0
BRDA:175,586,0,0
BRDA:208,689,0,0
BRDA:209,699,0,0
BRDA:219,728,0,0
BRDA:223,728,1,0
BRDA:238,814,0,0
BRDA:239,824,0,0
BRDA:240,837,0,0
BRDA:258,899,0,0
BRDA:259,906,0,0
BRDA:271,938,0,0
BRDA:272,945,0,0
end_of_record
TN:tests/fundflow-core.test.ts__FundFlow Core Contract__Milestone Voting__should reject votes from non-investors
SF:/Users/apple/Desktop/CODE4STX/sweetheart/FUNDFLOW/fundflow-smartcontract/contracts/fundflow-core.clar
FN:65,get-campaign
FN:69,get-milestone
FN:73,get-investment
FN:77,get-platform-fee-percent
FN:81,get-total-platform-fees
FN:85,calculate-platform-fee
FN:92,create-campaign
FN:127,invest-in-campaign
FN:164,add-milestone
FN:200,vote-on-milestone
FN:234,release-milestone-funds
FN:256,withdraw-platform-fees
FN:269,set-platform-fee-percent
FNDA:1,add-milestone
FNDA:2,calculate-platform-fee
FNDA:1,create-campaign
FNDA:3,get-campaign
FNDA:3,get-investment
FNDA:1,get-milestone
FNDA:2,invest-in-campaign
FNDA:1,vote-on-milestone
FNF:13
FNH:8
DA:65,1
DA:66,3
DA:69,1
DA:70,1
DA:73,1
DA:74,3
DA:77,0
DA:78,0
DA:81,0
DA:82,0
DA:85,1
DA:86,2
DA:92,1
DA:97,1
DA:98,1
DA:99,1
DA:100,1
DA:102,1
DA:103,1
DA:105,1
DA:106,1
DA:107,1
DA:108,1
DA:109,1
DA:110,1
DA:111,1
DA:112,1
DA:116,1
DA:117,1
DA:118,1
DA:121,1
DA:122,1
DA:127,1
DA:128,2
DA:129,2
DA:130,2
DA:131,2
DA:132,2
DA:134,2
DA:135,2
DA:136,2
DA:139,2
DA:142,2
DA:143,2
DA:145,2
DA:146,2
DA:151,2
DA:152,2
DA:153,2
DA:157,2
DA:159,2
DA:164,1
DA:170,1
DA:171,1
DA:172,1
DA:174,1
DA:175,1
DA:177,1
DA:178,1
DA:180,1
DA:181,1
DA:182,1
DA:183,1
DA:184,1
DA:185,1
DA:186,1
DA:190,1
DA:191,1
DA:192,1
DA:195,1
DA:200,1
DA:204,1
DA:205,1
DA:206,0
DA:208,0
DA:209,0
DA:212,0
DA:213,0
DA:214,0
DA:218,0
DA:219,0
DA:220,0
DA:221,0
DA:223,0
DA:224,0
DA:225,0
DA:229,0
DA:234,0
DA:235,0
DA:236,0
DA:238,0
DA:239,0
DA:240,0
DA:243,0
DA:246,0
DA:247,0
DA:248,0
DA:251,0
DA:256,0
DA:257,0
DA:258,0
DA:259,0
DA:261,0
DA:262,0
DA:264,0
DA:269,0
DA:270,0
DA:271,0
DA:272,0
DA:273,0
DA:274,0
BRF:18
BRH:0
BRDA:99,316,0,0
BRDA:100,323,0,0
BRDA:134,438,0,0
BRDA:135,445,0,0
BRDA:136,455,0,0
BRDA:174,576,0,0
BRDA:175,586,0,0
BRDA:208,689,0,0
BRDA:209,699,0,0
BRDA:219,728,0,0
BRDA:223,728,1,0
BRDA:238,814,0,0
BRDA:239,824,0,0
BRDA:240,837,0,0
BRDA:258,899,0,0
BRDA:259,906,0,0
BRDA:271,938,0,0
BRDA:272,945,0,0
end_of_record

TN:
SF:/Users/apple/Desktop/CODE4STX/sweetheart/FUNDFLOW/fundflow-smartcontract/contracts/fundflow-core.clar
FN:65,get-campaign
FN:69,get-milestone
FN:73,get-investment
FN:77,get-platform-fee-percent
FN:81,get-total-platform-fees
FN:85,calculate-platform-fee
FN:92,create-campaign
FN:127,invest-in-campaign
FN:164,add-milestone
FN:200,vote-on-milestone
FN:234,release-milestone-funds
FN:256,withdraw-platform-fees
FN:269,set-platform-fee-percent
FNF:13
FNH:0
DA:65,0
DA:66,0
DA:69,0
DA:70,0
DA:73,0
DA:74,0
DA:77,0
DA:78,0
DA:81,0
DA:82,0
DA:85,0
DA:86,0
DA:92,0
DA:97,0
DA:98,0
DA:99,0
DA:100,0
DA:102,0
DA:103,0
DA:105,0
DA:106,0
DA:107,0
DA:108,0
DA:109,0
DA:110,0
DA:111,0
DA:112,0
DA:116,0
DA:117,0
DA:118,0
DA:121,0
DA:122,0
DA:127,0
DA:128,0
DA:129,0
DA:130,0
DA:131,0
DA:132,0
DA:134,0
DA:135,0
DA:136,0
DA:139,0
DA:142,0
DA:143,0
DA:145,0
DA:146,0
DA:151,0
DA:152,0
DA:153,0
DA:157,0
DA:159,0
DA:164,0
DA:170,0
DA:171,0
DA:172,0
DA:174,0
DA:175,0
DA:177,0
DA:178,0
DA:180,0
DA:181,0
DA:182,0
DA:183,0
DA:184,0
DA:185,0
DA:186,0
DA:190,0
DA:191,0
DA:192,0
DA:195,0
DA:200,0
DA:204,0
DA:205,0
DA:206,0
DA:208,0
DA:209,0
DA:212,0
DA:213,0
DA:214,0
DA:218,0
DA:219,0
DA:220,0
DA:221,0
DA:223,0
DA:224,0
DA:225,0
DA:229,0
DA:234,0
DA:235,0
DA:236,0
DA:238,0
DA:239,0
DA:240,0
DA:243,0
DA:246,0
DA:247,0
DA:248,0
DA:251,0
DA:256,0
DA:257,0
DA:258,0
DA:259,0
DA:261,0
DA:262,0
DA:264,0
DA:269,0
DA:270,0
DA:271,0
DA:272,0
DA:273,0
DA:274,0
BRF:18
BRH:0
BRDA:99,316,0,0
BRDA:100,323,0,0
BRDA:134,438,0,0
BRDA:135,445,0,0
BRDA:136,455,0,0
BRDA:174,576,0,0
BRDA:175,586,0,0
BRDA:208,689,0,0
BRDA:209,699,0,0
BRDA:219,728,0,0
BRDA:223,728,1,0
BRDA:238,814,0,0
BRDA:239,824,0,0
BRDA:240,837,0,0
BRDA:258,899,0,0
BRDA:259,906,0,0
BRDA:271,938,0,0
BRDA:272,945,0,0
end_of_record
TN:tests/fundflow-core.test.ts__FundFlow Core Contract__Milestone Voting__should reject votes on non-existent milestone
SF:/Users/apple/Desktop/CODE4STX/sweetheart/FUNDFLOW/fundflow-smartcontract/contracts/fundflow-core.clar
FN:65,get-campaign
FN:69,get-milestone
FN:73,get-investment
FN:77,get-platform-fee-percent
FN:81,get-total-platform-fees
FN:85,calculate-platform-fee
FN:92,create-campaign
FN:127,invest-in-campaign
FN:164,add-milestone
FN:200,vote-on-milestone
FN:234,release-milestone-funds
FN:256,withdraw-platform-fees
FN:269,set-platform-fee-percent
FNDA:1,add-milestone
FNDA:2,calculate-platform-fee
FNDA:1,create-campaign
FNDA:3,get-campaign
FNDA:2,get-investment
FNDA:1,get-milestone
FNDA:2,invest-in-campaign
FNDA:1,vote-on-milestone
FNF:13
FNH:8
DA:65,1
DA:66,3
DA:69,1
DA:70,1
DA:73,1
DA:74,2
DA:77,0
DA:78,0
DA:81,0
DA:82,0
DA:85,1
DA:86,2
DA:92,1
DA:97,1
DA:98,1
DA:99,1
DA:100,1
DA:102,1
DA:103,1
DA:105,1
DA:106,1
DA:107,1
DA:108,1
DA:109,1
DA:110,1
DA:111,1
DA:112,1
DA:116,1
DA:117,1
DA:118,1
DA:121,1
DA:122,1
DA:127,1
DA:128,2
DA:129,2
DA:130,2
DA:131,2
DA:132,2
DA:134,2
DA:135,2
DA:136,2
DA:139,2
DA:142,2
DA:143,2
DA:145,2
DA:146,2
DA:151,2
DA:152,2
DA:153,2
DA:157,2
DA:159,2
DA:164,1
DA:170,1
DA:171,1
DA:172,1
DA:174,1
DA:175,1
DA:177,1
DA:178,1
DA:180,1
DA:181,1
DA:182,1
DA:183,1
DA:184,1
DA:185,1
DA:186,1
DA:190,1
DA:191,1
DA:192,1
DA:195,1
DA:200,1
DA:204,1
DA:205,0
DA:206,0
DA:208,0
DA:209,0
DA:212,0
DA:213,0
DA:214,0
DA:218,0
DA:219,0
DA:220,0
DA:221,0
DA:223,0
DA:224,0
DA:225,0
DA:229,0
DA:234,0
DA:235,0
DA:236,0
DA:238,0
DA:239,0
DA:240,0
DA:243,0
DA:246,0
DA:247,0
DA:248,0
DA:251,0
DA:256,0
DA:257,0
DA:258,0
DA:259,0
DA:261,0
DA:262,0
DA:264,0
DA:269,0
DA:270,0
DA:271,0
DA:272,0
DA:273,0
DA:274,0
BRF:18
BRH:0
BRDA:99,316,0,0
BRDA:100,323,0,0
BRDA:134,438,0,0
BRDA:135,445,0,0
BRDA:136,455,0,0
BRDA:174,576,0,0
BRDA:175,586,0,0
BRDA:208,689,0,0
BRDA:209,699,0,0
BRDA:219,728,0,0
BRDA:223,728,1,0
BRDA:238,814,0,0
BRDA:239,824,0,0
BRDA:240,837,0,0
BRDA:258,899,0,0
BRDA:259,906,0,0
BRDA:271,938,0,0
BRDA:272,945,0,0
end_of_record

TN:
SF:/Users/apple/Desktop/CODE4STX/sweetheart/FUNDFLOW/fundflow-smartcontract/contracts/fundflow-core.clar
FN:65,get-campaign
FN:69,get-milestone
FN:73,get-investment
FN:77,get-platform-fee-percent
FN:81,get-total-platform-fees
FN:85,calculate-platform-fee
FN:92,create-campaign
FN:127,invest-in-campaign
FN:164,add-milestone
FN:200,vote-on-milestone
FN:234,release-milestone-funds
FN:256,withdraw-platform-fees
FN:269,set-platform-fee-percent
FNF:13
FNH:0
DA:65,0
DA:66,0
DA:69,0
DA:70,0
DA:73,0
DA:74,0
DA:77,0
DA:78,0
DA:81,0
DA:82,0
DA:85,0
DA:86,0
DA:92,0
DA:97,0
DA:98,0
DA:99,0
DA:100,0
DA:102,0
DA:103,0
DA:105,0
DA:106,0
DA:107,0
DA:108,0
DA:109,0
DA:110,0
DA:111,0
DA:112,0
DA:116,0
DA:117,0
DA:118,0
DA:121,0
DA:122,0
DA:127,0
DA:128,0
DA:129,0
DA:130,0
DA:131,0
DA:132,0
DA:134,0
DA:135,0
DA:136,0
DA:139,0
DA:142,0
DA:143,0
DA:145,0
DA:146,0
DA:151,0
DA:152,0
DA:153,0
DA:157,0
DA:159,0
DA:164,0
DA:170,0
DA:171,0
DA:172,0
DA:174,0
DA:175,0
DA:177,0
DA:178,0
DA:180,0
DA:181,0
DA:182,0
DA:183,0
DA:184,0
DA:185,0
DA:186,0
DA:190,0
DA:191,0
DA:192,0
DA:195,0
DA:200,0
DA:204,0
DA:205,0
DA:206,0
DA:208,0
DA:209,0
DA:212,0
DA:213,0
DA:214,0
DA:218,0
DA:219,0
DA:220,0
[...]
DA:103,1
DA:105,1
DA:106,1
DA:107,1
DA:108,1
DA:109,1
DA:110,1
DA:111,1
DA:112,1
DA:116,1
DA:117,1
DA:118,1
DA:121,1
DA:122,1
DA:127,1
DA:128,1
DA:129,1
DA:130,1
DA:131,1
DA:132,1
DA:134,1
DA:135,1
DA:136,1
DA:139,1
DA:142,1
DA:143,1
DA:145,1
DA:146,1
DA:151,1
DA:152,1
DA:153,1
DA:157,1
DA:159,1
DA:164,0
DA:170,0
DA:171,0
DA:172,0
DA:174,0
DA:175,0
DA:177,0
DA:178,0
DA:180,0
DA:181,0
DA:182,0
DA:183,0
DA:184,0
DA:185,0
DA:186,0
DA:190,0
DA:191,0
DA:192,0
DA:195,0
DA:200,0
DA:204,0
DA:205,0
DA:206,0
DA:208,0
DA:209,0
DA:212,0
DA:213,0
DA:214,0
DA:218,0
DA:219,0
DA:220,0
DA:221,0
DA:223,0
DA:224,0
DA:225,0
DA:229,0
DA:234,0
DA:235,0
DA:236,0
DA:238,0
DA:239,0
DA:240,0
DA:243,0
DA:246,0
DA:247,0
DA:248,0
DA:251,0
DA:256,1
DA:257,1
DA:258,1
DA:259,1
DA:261,1
DA:262,1
DA:264,1
DA:269,0
DA:270,0
DA:271,0
DA:272,0
DA:273,0
DA:274,0
BRF:18
BRH:0
BRDA:99,316,0,0
BRDA:100,323,0,0
BRDA:134,438,0,0
BRDA:135,445,0,0
BRDA:136,455,0,0
BRDA:174,576,0,0
BRDA:175,586,0,0
BRDA:208,689,0,0
BRDA:209,699,0,0
BRDA:219,728,0,0
BRDA:223,728,1,0
BRDA:238,814,0,0
BRDA:239,824,0,0
BRDA:240,837,0,0
BRDA:258,899,0,0
BRDA:259,906,0,0
BRDA:271,938,0,0
BRDA:272,945,0,0
end_of_record

TN:
SF:/Users/apple/Desktop/CODE4STX/sweetheart/FUNDFLOW/fundflow-smartcontract/contracts/fundflow-core.clar
FN:65,get-campaign
FN:69,get-milestone
FN:73,get-investment
FN:77,get-platform-fee-percent
FN:81,get-total-platform-fees
FN:85,calculate-platform-fee
FN:92,create-campaign
FN:127,invest-in-campaign
FN:164,add-milestone
FN:200,vote-on-milestone
FN:234,release-milestone-funds
FN:256,withdraw-platform-fees
FN:269,set-platform-fee-percent
FNF:13
FNH:0
DA:65,0
DA:66,0
DA:69,0
DA:70,0
DA:73,0
DA:74,0
DA:77,0
DA:78,0
DA:81,0
DA:82,0
DA:85,0
DA:86,0
DA:92,0
DA:97,0
DA:98,0
DA:99,0
DA:100,0
DA:102,0
DA:103,0
DA:105,0
DA:106,0
DA:107,0
DA:108,0
DA:109,0
DA:110,0
DA:111,0
DA:112,0
DA:116,0
DA:117,0
DA:118,0
DA:121,0
DA:122,0
DA:127,0
DA:128,0
DA:129,0
DA:130,0
DA:131,0
DA:132,0
DA:134,0
DA:135,0
DA:136,0
DA:139,0
DA:142,0
DA:143,0
DA:145,0
DA:146,0
DA:151,0
DA:152,0
DA:153,0
DA:157,0
DA:159,0
DA:164,0
DA:170,0
DA:171,0
DA:172,0
DA:174,0
DA:175,0
DA:177,0
DA:178,0
DA:180,0
DA:181,0
DA:182,0
DA:183,0
DA:184,0
DA:185,0
DA:186,0
DA:190,0
DA:191,0
DA:192,0
DA:195,0
DA:200,0
DA:204,0
DA:205,0
DA:206,0
DA:208,0
DA:209,0
DA:212,0
DA:213,0
DA:214,0
DA:218,0
DA:219,0
DA:220,0
DA:221,0
DA:223,0
DA:224,0
DA:225,0
DA:229,0
DA:234,0
DA:235,0
DA:236,0
DA:238,0
DA:239,0
DA:240,0
DA:243,0
DA:246,0
DA:247,0
DA:248,0
DA:251,0
DA:256,0
DA:257,0
DA:258,0
DA:259,0
DA:261,0
DA:262,0
DA:264,0
DA:269,0
DA:270,0
DA:271,0
DA:272,0
DA:273,0
DA:274,0
BRF:18
BRH:0
BRDA:99,316,0,0
BRDA:100,323,0,0
BRDA:134,438,0,0
BRDA:135,445,0,0
BRDA:136,455,0,0
BRDA:174,576,0,0
BRDA:175,586,0,0
BRDA:208,689,0,0
BRDA:209,699,0,0
BRDA:219,728,0,0
BRDA:223,728,1,0
BRDA:238,814,0,0
BRDA:239,824,0,0
BRDA:240,837,0,0
BRDA:258,899,0,0
BRDA:259,906,0,0
BRDA:271,938,0,0
BRDA:272,945,0,0
end_of_record
TN:tests/fundflow-core.test.ts__FundFlow Core Contract__Platform Fee Management__should reject fee withdrawal by non-owner
SF:/Users/apple/Desktop/CODE4STX/sweetheart/FUNDFLOW/fundflow-smartcontract/contracts/fundflow-core.clar
FN:65,get-campaign
FN:69,get-milestone
FN:73,get-investment
FN:77,get-platform-fee-percent
FN:81,get-total-platform-fees
FN:85,calculate-platform-fee
FN:92,create-campaign
FN:127,invest-in-campaign
FN:164,add-milestone
FN:200,vote-on-milestone
FN:234,release-milestone-funds
FN:256,withdraw-platform-fees
FN:269,set-platform-fee-percent
FNDA:1,calculate-platform-fee
FNDA:1,create-campaign
FNDA:1,get-campaign
FNDA:1,get-investment
FNDA:1,invest-in-campaign
FNDA:1,withdraw-platform-fees
FNF:13
FNH:6
DA:65,1
DA:66,1
DA:69,0
DA:70,0
DA:73,1
DA:74,1
DA:77,0
DA:78,0
DA:81,0
DA:82,0
DA:85,1
DA:86,1
DA:92,1
DA:97,1
DA:98,1
DA:99,1
DA:100,1
DA:102,1
DA:103,1
DA:105,1
DA:106,1
DA:107,1
DA:108,1
DA:109,1
DA:110,1
DA:111,1
DA:112,1
DA:116,1
DA:117,1
DA:118,1
DA:121,1
DA:122,1
DA:127,1
DA:128,1
DA:129,1
DA:130,1
DA:131,1
DA:132,1
DA:134,1
DA:135,1
DA:136,1
DA:139,1
DA:142,1
DA:143,1
DA:145,1
DA:146,1
DA:151,1
DA:152,1
DA:153,1
DA:157,1
DA:159,1
DA:164,0
DA:170,0
DA:171,0
DA:172,0
DA:174,0
DA:175,0
DA:177,0
DA:178,0
DA:180,0
DA:181,0
DA:182,0
DA:183,0
DA:184,0
DA:185,0
DA:186,0
DA:190,0
DA:191,0
DA:192,0
DA:195,0
DA:200,0
DA:204,0
DA:205,0
DA:206,0
DA:208,0
DA:209,0
DA:212,0
DA:213,0
DA:214,0
DA:218,0
DA:219,0
DA:220,0
DA:221,0
DA:223,0
DA:224,0
DA:225,0
DA:229,0
DA:234,0
DA:235,0
DA:236,0
DA:238,0
DA:239,0
DA:240,0
DA:243,0
DA:246,0
DA:247,0
DA:248,0
DA:251,0
DA:256,1
DA:257,1
DA:258,1
DA:259,0
DA:261,0
DA:262,0
DA:264,0
DA:269,0
DA:270,0
DA:271,0
DA:272,0
DA:273,0
DA:274,0
BRF:18
BRH:1
BRDA:99,316,0,0
BRDA:100,323,0,0
BRDA:134,438,0,0
BRDA:135,445,0,0
BRDA:136,455,0,0
BRDA:174,576,0,0
BRDA:175,586,0,0
BRDA:208,689,0,0
BRDA:209,699,0,0
BRDA:219,728,0,0
BRDA:223,728,1,0
BRDA:238,814,0,0
BRDA:239,824,0,0
BRDA:240,837,0,0
BRDA:258,899,0,1
BRDA:259,906,0,0
BRDA:271,938,0,0
BRDA:272,945,0,0
end_of_record

TN:
SF:/Users/apple/Desktop/CODE4STX/sweetheart/FUNDFLOW/fundflow-smartcontract/contracts/fundflow-core.clar
FN:65,get-campaign
FN:69,get-milestone
FN:73,get-investment
FN:77,get-platform-fee-percent
FN:81,get-total-platform-fees
FN:85,calculate-platform-fee
FN:92,create-campaign
FN:127,invest-in-campaign
FN:164,add-milestone
FN:200,vote-on-milestone
FN:234,release-milestone-funds
FN:256,withdraw-platform-fees
FN:269,set-platform-fee-percent
FNF:13
FNH:0
DA:65,0
DA:66,0
DA:69,0
DA:70,0
DA:73,0
DA:74,0
DA:77,0
DA:78,0
DA:81,0
DA:82,0
DA:85,0
DA:86,0
DA:92,0
DA:97,0
DA:98,0
DA:99,0
DA:100,0
DA:102,0
DA:103,0
DA:105,0
DA:106,0
DA:107,0
DA:108,0
DA:109,0
DA:110,0
DA:111,0
DA:112,0
DA:116,0
DA:117,0
DA:118,0
DA:121,0
DA:122,0
DA:127,0
DA:128,0
DA:129,0
DA:130,0
DA:131,0
DA:132,0
DA:134,0
DA:135,0
DA:136,0
DA:139,0
DA:142,0
DA:143,0
DA:145,0
DA:146,0
DA:151,0
DA:152,0
DA:153,0
DA:157,0
DA:159,0
DA:164,0
DA:170,0
DA:171,0
DA:172,0
DA:174,0
DA:175,0
DA:177,0
DA:178,0
DA:180,0
DA:181,0
DA:182,0
DA:183,0
DA:184,0
DA:185,0
DA:186,0
DA:190,0
DA:191,0
DA:192,0
DA:195,0
DA:200,0
DA:204,0
DA:205,0
DA:206,0
DA:208,0
DA:209,0
DA:212,0
DA:213,0
DA:214,0
DA:218,0
DA:219,0
DA:220,0
DA:221,0
DA:223,0
DA:224,0
DA:225,0
DA:229,0
DA:234,0
DA:235,0
DA:236,0
DA:238,0
DA:239,0
DA:240,0
DA:243,0
DA:246,0
DA:247,0
DA:248,0
DA:251,0
DA:256,0
DA:257,0
DA:258,0
DA:259,0
DA:261,0
DA:262,0
DA:264,0
DA:269,0
DA:270,0
DA:271,0
DA:272,0
DA:273,0
DA:274,0
BRF:18
BRH:0
BRDA:99,316,0,0
BRDA:100,323,0,0
BRDA:134,438,0,0
BRDA:135,445,0,0
BRDA:136,455,0,0
BRDA:174,576,0,0
BRDA:175,586,0,0
BRDA:208,689,0,0
BRDA:209,699,0,0
BRDA:219,728,0,0
BRDA:223,728,1,0
BRDA:238,814,0,0
BRDA:239,824,0,0
BRDA:240,837,0,0
BRDA:258,899,0,0
BRDA:259,906,0,0
BRDA:271,938,0,0
BRDA:272,945,0,0
end_of_record
TN:tests/fundflow-core.test.ts__FundFlow Core Contract__Platform Fee Management__should reject withdrawal when no fees available
SF:/Users/apple/Desktop/CODE4STX/sweetheart/FUNDFLOW/fundflow-smartcontract/contracts/fundflow-core.clar
FN:65,get-campaign
FN:69,get-milestone
FN:73,get-investment
FN:77,get-platform-fee-percent
FN:81,get-total-platform-fees
FN:85,calculate-platform-fee
FN:92,create-campaign
FN:127,invest-in-campaign
FN:164,add-milestone
FN:200,vote-on-milestone
FN:234,release-milestone-funds
FN:256,withdraw-platform-fees
FN:269,set-platform-fee-percent
FNDA:1,calculate-platform-fee
FNDA:1,create-campaign
FNDA:1,get-campaign
FNDA:1,get-investment
FNDA:1,invest-in-campaign
FNDA:2,withdraw-platform-fees
FNF:13
FNH:6
DA:65,1
DA:66,1
DA:69,0
DA:70,0
DA:73,1
DA:74,1
DA:77,0
DA:78,0
DA:81,0
DA:82,0
DA:85,1
DA:86,1
DA:92,1
DA:97,1
DA:98,1
DA:99,1
DA:100,1
DA:102,1
DA:103,1
DA:105,1
DA:106,1
DA:107,1
DA:108,1
DA:109,1
DA:110,1
DA:111,1
DA:112,1
DA:116,1
DA:117,1
DA:118,1
DA:121,1
DA:122,1
DA:127,1
DA:128,1
DA:129,1
DA:130,1
DA:131,1
DA:132,1
DA:134,1
DA:135,1
DA:136,1
DA:139,1
DA:142,1
DA:143,1
DA:145,1
DA:146,1
DA:151,1
DA:152,1
DA:153,1
DA:157,1
DA:159,1
DA:164,0
DA:170,0
DA:171,0
DA:172,0
DA:174,0
DA:175,0
DA:177,0
DA:178,0
DA:180,0
DA:181,0
DA:182,0
DA:183,0
DA:184,0
DA:185,0
DA:186,0
DA:190,0
DA:191,0
DA:192,0
DA:195,0
DA:200,0
DA:204,0
DA:205,0
DA:206,0
DA:208,0
DA:209,0
DA:212,0
DA:213,0
DA:214,0
DA:218,0
DA:219,0
DA:220,0
DA:221,0
DA:223,0
DA:224,0
DA:225,0
DA:229,0
DA:234,0
DA:235,0
DA:236,0
DA:238,0
DA:239,0
DA:240,0
DA:243,0
DA:246,0
DA:247,0
DA:248,0
DA:251,0
DA:256,1
DA:257,2
DA:258,2
DA:259,2
DA:261,1
DA:262,1
DA:264,1
DA:269,0
DA:270,0
DA:271,0
DA:272,0
DA:273,0
DA:274,0
BRF:18
BRH:1
BRDA:99,316,0,0
BRDA:100,323,0,0
BRDA:134,438,0,0
BRDA:135,445,0,0
BRDA:136,455,0,0
BRDA:174,576,0,0
BRDA:175,586,0,0
BRDA:208,689,0,0
BRDA:209,699,0,0
BRDA:219,728,0,0
BRDA:223,728,1,0
BRDA:238,814,0,0
BRDA:239,824,0,0
BRDA:240,837,0,0
BRDA:258,899,0,0
BRDA:259,906,0,1
BRDA:271,938,0,0
BRDA:272,945,0,0
end_of_record

TN:
SF:/Users/apple/Desktop/CODE4STX/sweetheart/FUNDFLOW/fundflow-smartcontract/contracts/fundflow-core.clar
FN:65,get-campaign
FN:69,get-milestone
FN:73,get-investment
FN:77,get-platform-fee-percent
FN:81,get-total-platform-fees
FN:85,calculate-platform-fee
FN:92,create-campaign
FN:127,invest-in-campaign
FN:164,add-milestone
FN:200,vote-on-milestone
FN:234,release-milestone-funds
FN:256,withdraw-platform-fees
FN:269,set-platform-fee-percent
FNF:13
FNH:0
DA:65,0
DA:66,0
DA:69,0
DA:70,0
DA:73,0
DA:74,0
DA:77,0
DA:78,0
DA:81,0
DA:82,0
DA:85,0
DA:86,0
DA:92,0
DA:97,0
DA:98,0
DA:99,0
DA:100,0
DA:102,0
DA:103,0
DA:105,0
DA:106,0
DA:107,0
DA:108,0
DA:109,0
DA:110,0
DA:111,0
DA:112,0
DA:116,0
DA:117,0
DA:118,0
DA:121,0
DA:122,0
DA:127,0
DA:128,0
DA:129,0
DA:130,0
DA:131,0
DA:132,0
DA:134,0
DA:135,0
DA:136,0
DA:139,0
DA:142,0
DA:143,0
DA:145,0
DA:146,0
DA:151,0
DA:152,0
DA:153,0
DA:157,0
DA:159,0
DA:164,0
DA:170,0
DA:171,0
DA:172,0
DA:174,0
DA:175,0
DA:177,0
DA:178,0
DA:180,0
DA:181,0
DA:182,0
DA:183,0
DA:184,0
DA:185,0
DA:186,0
DA:190,0
DA:191,0
DA:192,0
DA:195,0
DA:200,0
DA:204,0
DA:205,0
DA:206,0
DA:208,0
DA:209,0
DA:212,0
DA:213,0
DA:214,0
DA:218,0
DA:219,0
DA:220,0
DA:221,0
DA:223,0
DA:224,0
DA:225,0
DA:229,0
DA:234,0
DA:235,0
DA:236,0
DA:238,0
DA:239,0
DA:240,0
DA:243,0
DA:246,0
DA:247,0
DA:248,0
DA:251,0
DA:256,0
DA:257,0
DA:258,0
DA:259,0
DA:261,0
DA:262,0
DA:264,0
DA:269,0
DA:270,0
DA:271,0
DA:272,0
DA:273,0
DA:274,0
BRF:18
BRH:0
BRDA:99,316,0,0
BRDA:100,323,0,0
BRDA:134,438,0,0
BRDA:135,445,0,0
BRDA:136,455,0,0
BRDA:174,576,0,0
BRDA:175,586,0,0
BRDA:208,689,0,0
BRDA:209,699,0,0
BRDA:219,728,0,0
BRDA:223,728,1,0
BRDA:238,814,0,0
BRDA:239,824,0,0
BRDA:240,837,0,0
BRDA:258,899,0,0
BRDA:259,906,0,0
BRDA:271,938,0,0
BRDA:272,945,0,0
end_of_record
TN:tests/fundflow-core.test.ts__FundFlow Core Contract__Edge Cases and Security__should handle maximum values correctly
SF:/Users/apple/Desktop/CODE4STX/sweetheart/FUNDFLOW/fundflow-smartcontract/contracts/fundflow-core.clar
FN:65,get-campaign
FN:69,get-milestone
FN:73,get-investment
FN:77,get-platform-fee-percent
FN:81,get-total-platform-fees
FN:85,calculate-platform-fee
FN:92,create-campaign
FN:127,invest-in-campaign
FN:164,add-milestone
FN:200,vote-on-milestone
FN:234,release-milestone-funds
FN:256,withdraw-platform-fees
FN:269,set-platform-fee-percent
FNDA:1,create-campaign
FNF:13
FNH:1
DA:65,0
DA:66,0
DA:69,0
DA:70,0
DA:73,0
DA:74,0
DA:77,0
DA:78,0
DA:81,0
DA:82,0
DA:85,0
DA:86,0
DA:92,1
DA:97,1
DA:98,1
DA:99,1
DA:100,1
DA:102,1
DA:103,1
DA:105,1
DA:106,1
DA:107,1
DA:108,1
DA:109,1
DA:110,1
DA:111,1
DA:112,1
DA:116,1
DA:117,1
DA:118,1
DA:121,1
DA:122,1
DA:127,0
DA:128,0
DA:129,0
DA:130,0
DA:131,0
DA:132,0
DA:134,0
DA:135,0
DA:136,0
DA:139,0
DA:142,0
DA:143,0
DA:145,0
DA:146,0
DA:151,0
DA:152,0
DA:153,0
DA:157,0
DA:159,0
DA:164,0
DA:170,0
DA:171,0
DA:172,0
DA:174,0
DA:175,0
DA:177,0
DA:178,0
DA:180,0
DA:181,0
DA:182,0
DA:183,0
DA:184,0
DA:185,0
DA:186,0
DA:190,0
DA:191,0
DA:192,0
DA:195,0
DA:200,0
DA:204,0
DA:205,0
DA:206,0
DA:208,0
DA:209,0
DA:212,0
DA:213,0
DA:214,0
DA:218,0
DA:219,0
DA:220,0
DA:221,0
DA:223,0
DA:224,0
DA:225,0
DA:229,0
DA:234,0
DA:235,0
DA:236,0
DA:238,0
DA:239,0
DA:240,0
DA:243,0
DA:246,0
DA:247,0
DA:248,0
DA:251,0
DA:256,0
DA:257,0
DA:258,0
DA:259,0
DA:261,0
DA:262,0
DA:264,0
DA:269,0
DA:270,0
DA:271,0
DA:272,0
DA:273,0
DA:274,0
BRF:18
BRH:0
BRDA:99,316,0,0
BRDA:100,323,0,0
BRDA:134,438,0,0
BRDA:135,445,0,0
BRDA:136,455,0,0
BRDA:174,576,0,0
BRDA:175,586,0,0
BRDA:208,689,0,0
BRDA:209,699,0,0
BRDA:219,728,0,0
BRDA:223,728,1,0
BRDA:238,814,0,0
BRDA:239,824,0,0
BRDA:240,837,0,0
BRDA:258,899,0,0
BRDA:259,906,0,0
BRDA:271,938,0,0
BRDA:272,945,0,0
end_of_record

TN:
SF:/Users/apple/Desktop/CODE4STX/sweetheart/FUNDFLOW/fundflow-smartcontract/contracts/fundflow-core.clar
FN:65,get-campaign
FN:69,get-milestone
FN:73,get-investment
FN:77,get-platform-fee-percent
FN:81,get-total-platform-fees
FN:85,calculate-platform-fee
FN:92,create-campaign
FN:127,invest-in-campaign
FN:164,add-milestone
FN:200,vote-on-milestone
FN:234,release-milestone-funds
FN:256,withdraw-platform-fees
FN:269,set-platform-fee-percent
FNF:13
FNH:0
DA:65,0
DA:66,0
DA:69,0
DA:70,0
DA:73,0
DA:74,0
DA:77,0
DA:78,0
DA:81,0
DA:82,0
DA:85,0
DA:86,0
DA:92,0
DA:97,0
DA:98,0
DA:99,0
DA:100,0
DA:102,0
DA:103,0
DA:105,0
DA:106,0
DA:107,0
DA:108,0
DA:109,0
DA:110,0
DA:111,0
DA:112,0
DA:116,0
DA:117,0
DA:118,0
DA:121,0
DA:122,0
DA:127,0
DA:128,0
DA:129,0
DA:130,0
DA:131,0
DA:132,0
DA:134,0
DA:135,0
DA:136,0
DA:139,0
DA:142,0
DA:143,0
DA:145,0
DA:146,0
DA:151,0
DA:152,0
DA:153,0
DA:157,0
DA:159,0
DA:164,0
DA:170,0
DA:171,0
DA:172,0
DA:174,0
DA:175,0
DA:177,0
DA:178,0
DA:180,0
DA:181,0
DA:182,0
DA:183,0
DA:184,0
DA:185,0
DA:186,0
DA:190,0
DA:191,0
DA:192,0
DA:195,0
DA:200,0
DA:204,0
DA:205,0
DA:206,0
DA:208,0
DA:209,0
DA:212,0
DA:213,0
DA:214,0
DA:218,0
DA:219,0
DA:220,0
DA:221,0
DA:223,0
DA:224,0
DA:225,0
DA:229,0
DA:234,0
DA:235,0
DA:236,0
DA:238,0
DA:239,0
DA:240,0
DA:243,0
DA:246,0
DA:247,0
DA:248,0
DA:251,0
DA:256,0
DA:257,0
DA:258,0
DA:259,0
DA:261,0
DA:262,0
DA:264,0
DA:269,0
DA:270,0
DA:271,0
DA:272,0
DA:273,0
DA:274,0
BRF:18
BRH:0
BRDA:99,316,0,0
BRDA:100,323,0,0
BRDA:134,438,0,0
BRDA:135,445,0,0
BRDA:136,455,0,0
BRDA:174,576,0,0
BRDA:175,586,0,0
BRDA:208,689,0,0
BRDA:209,699,0,0
BRDA:219,728,0,0
BRDA:223,728,1,0
BRDA:238,814,0,0
BRDA:239,824,0,0
BRDA:240,837,0,0
BRDA:258,899,0,0
BRDA:259,906,0,0
BRDA:271,938,0,0
BRDA:272,945,0,0
end_of_record
TN:tests/fundflow-core.test.ts__FundFlow Core Contract__Edge Cases and Security__should handle empty strings in campaign creation
SF:/Users/apple/Desktop/CODE4STX/sweetheart/FUNDFLOW/fundflow-smartcontract/contracts/fundflow-core.clar
FN:65,get-campaign
FN:69,get-milestone
FN:73,get-investment
FN:77,get-platform-fee-percent
FN:81,get-total-platform-fees
FN:85,calculate-platform-fee
FN:92,create-campaign
FN:127,invest-in-campaign
FN:164,add-milestone
FN:200,vote-on-milestone
FN:234,release-milestone-funds
FN:256,withdraw-platform-fees
FN:269,set-platform-fee-percent
FNDA:1,create-campaign
FNF:13
FNH:1
DA:65,0
DA:66,0
DA:69,0
DA:70,0
DA:73,0
DA:74,0
DA:77,0
DA:78,0
DA:81,0
DA:82,0
DA:85,0
DA:86,0
DA:92,1
DA:97,1
DA:98,1
DA:99,1
DA:100,1
DA:102,1
DA:103,1
DA:105,1
DA:106,1
DA:107,1
DA:108,1
DA:109,1
DA:110,1
DA:111,1
DA:112,1
DA:116,1
DA:117,1
DA:118,1
DA:121,1
DA:122,1
DA:127,0
DA:128,0
DA:129,0
DA:130,0
DA:131,0
DA:132,0
DA:134,0
DA:135,0
DA:136,0
DA:139,0
DA:142,0
DA:143,0
DA:145,0
DA:146,0
DA:151,0
DA:152,0
DA:153,0
DA:157,0
DA:159,0
DA:164,0
DA:170,0
DA:171,0
DA:172,0
DA:174,0
DA:175,0
DA:177,0
DA:178,0
DA:180,0
DA:181,0
DA:182,0
DA:183,0
DA:184,0
DA:185,0
DA:186,0
DA:190,0
DA:191,0
DA:192,0
DA:195,0
DA:200,0
DA:204,0
DA:205,0
DA:206,0
DA:208,0
DA:209,0
DA:212,0
DA:213,0
DA:214,0
DA:218,0
DA:219,0
DA:220,0
DA:221,0
DA:223,0
DA:224,0
DA:225,0
DA:229,0
DA:234,0
DA:235,0
DA:236,0
DA:238,0
DA:239,0
DA:240,0
DA:243,0
DA:246,0
DA:247,0
DA:248,0
DA:251,0
DA:256,0
DA:257,0
DA:258,0
DA:259,0
DA:261,0
DA:262,0
DA:264,0
DA:269,0
DA:270,0
DA:271,0
DA:272,0
DA:273,0
DA:274,0
BRF:18
BRH:0
BRDA:99,316,0,0
BRDA:100,323,0,0
BRDA:134,438,0,0
BRDA:135,445,0,0
BRDA:136,455,0,0
BRDA:174,576,0,0
BRDA:175,586,0,0
BRDA:208,689,0,0
BRDA:209,699,0,0
BRDA:219,728,0,0
BRDA:223,728,1,0
BRDA:238,814,0,0
BRDA:239,824,0,0
BRDA:240,837,0,0
BRDA:258,899,0,0
BRDA:259,906,0,0
BRDA:271,938,0,0
BRDA:272,945,0,0
end_of_record

TN:
SF:/Users/apple/Desktop/CODE4STX/sweetheart/FUNDFLOW/fundflow-smartcontract/contracts/fundflow-core.clar
FN:65,get-campaign
FN:69,get-milestone
FN:73,get-investment
FN:77,get-platform-fee-percent
FN:81,get-total-platform-fees
FN:85,calculate-platform-fee
FN:92,create-campaign
FN:127,invest-in-campaign
FN:164,add-milestone
FN:200,vote-on-milestone
FN:234,release-milestone-funds
FN:256,withdraw-platform-fees
FN:269,set-platform-fee-percent
FNF:13
FNH:0
DA:65,0
DA:66,0
DA:69,0
DA:70,0
DA:73,0
DA:74,0
DA:77,0
DA:78,0
DA:81,0
DA:82,0
DA:85,0
DA:86,0
DA:92,0
DA:97,0
DA:98,0
DA:99,0
DA:100,0
DA:102,0
DA:103,0
DA:105,0
DA:106,0
DA:107,0
DA:108,0
DA:109,0
DA:110,0
DA:111,0
DA:112,0
DA:116,0
DA:117,0
DA:118,0
DA:121,0
DA:122,0
DA:127,0
DA:128,0
DA:129,0
DA:130,0
DA:131,0
DA:132,0
DA:134,0
DA:135,0
DA:136,0
DA:139,0
DA:142,0
DA:143,0
DA:145,0
DA:146,0
DA:151,0
DA:152,0
DA:153,0
DA:157,0
DA:159,0
DA:164,0
DA:170,0
DA:171,0
DA:172,0
DA:174,0
DA:175,0
DA:177,0
DA:178,0
DA:180,0
DA:181,0
DA:182,0
DA:183,0
DA:184,0
DA:185,0
DA:186,0
DA:190,0
DA:191,0
DA:192,0
DA:195,0
DA:200,0
DA:204,0
DA:205,0
DA:206,0
DA:208,0
DA:209,0
DA:212,0
DA:213,0
DA:214,0
DA:218,0
DA:219,0
DA:220,0
DA:221,0
DA:223,0
DA:224,0
DA:225,0
DA:229,0
DA:234,0
DA:235,0
DA:236,0
DA:238,0
DA:239,0
DA:240,0
DA:243,0
DA:246,0
DA:247,0
DA:248,0
DA:251,0
DA:256,0
DA:257,0
DA:258,0
DA:259,0
DA:261,0
DA:262,0
DA:264,0
DA:269,0
DA:270,0
DA:271,0
DA:272,0
DA:273,0
DA:274,0
BRF:18
BRH:0
BRDA:99,316,0,0
BRDA:100,323,0,0
BRDA:134,438,0,0
BRDA:135,445,0,0
BRDA:136,455,0,0
BRDA:174,576,0,0
BRDA:175,586,0,0
BRDA:208,689,0,0
BRDA:209,699,0,0
BRDA:219,728,0,0
BRDA:223,728,1,0
BRDA:238,814,0,0
BRDA:239,824,0,0
BRDA:240,837,0,0
BRDA:258,899,0,0
BRDA:259,906,0,0
BRDA:271,938,0,0
BRDA:272,945,0,0
end_of_record
TN:tests/fundflow-core.test.ts__FundFlow Core Contract__Edge Cases and Security__should handle multiple simultaneous operations
SF:/Users/apple/Desktop/CODE4STX/sweetheart/FUNDFLOW/fundflow-smartcontract/contracts/fundflow-core.clar
FN:65,get-campaign
FN:69,get-milestone
FN:73,get-investment
FN:77,get-platform-fee-percent
FN:81,get-total-platform-fees
FN:85,calculate-platform-fee
FN:92,create-campaign
FN:127,invest-in-campaign
FN:164,add-milestone
FN:200,vote-on-milestone
FN:234,release-milestone-funds
FN:256,withdraw-platform-fees
FN:269,set-platform-fee-percent
FNDA:2,calculate-platform-fee
FNDA:1,create-campaign
FNDA:2,get-campaign
FNDA:2,get-investment
FNDA:2,invest-in-campaign
FNF:13
FNH:5
DA:65,1
DA:66,2
DA:69,0
DA:70,0
DA:73,1
DA:74,2
DA:77,0
DA:78,0
DA:81,0
DA:82,0
DA:85,1
DA:86,2
DA:92,1
DA:97,1
DA:98,1
DA:99,1
DA:100,1
DA:102,1
DA:103,1
DA:105,1
DA:106,1
DA:107,1
DA:108,1
DA:109,1
DA:110,1
DA:111,1
DA:112,1
DA:116,1
DA:117,1
DA:118,1
DA:121,1
DA:122,1
DA:127,1
DA:128,2
DA:129,2
DA:130,2
DA:131,2
DA:132,2
DA:134,2
DA:135,2
DA:136,2
DA:139,2
DA:142,2
DA:143,2
DA:145,2
DA:146,2
DA:151,2
DA:152,2
DA:153,2
DA:157,2
DA:159,2
DA:164,0
DA:170,0
DA:171,0
DA:172,0
DA:174,0
DA:175,0
DA:177,0
DA:178,0
DA:180,0
DA:181,0
DA:182,0
DA:183,0
DA:184,0
DA:185,0
DA:186,0
DA:190,0
DA:191,0
DA:192,0
DA:195,0
DA:200,0
DA:204,0
DA:205,0
DA:206,0
DA:208,0
DA:209,0
DA:212,0
DA:213,0
DA:214,0
DA:218,0
DA:219,0
DA:220,0
DA:221,0
DA:223,0
DA:224,0
DA:225,0
DA:229,0
DA:234,0
DA:235,0
DA:236,0
DA:238,0
DA:239,0
DA:240,0
DA:243,0
DA:246,0
DA:247,0
DA:248,0
DA:251,0
DA:256,0
DA:257,0
DA:258,0
DA:259,0
DA:261,0
DA:262,0
DA:264,0
DA:269,0
DA:270,0
DA:271,0
DA:272,0
DA:273,0
DA:274,0
BRF:18
BRH:0
BRDA:99,316,0,0
BRDA:100,323,0,0
BRDA:134,438,0,0
BRDA:135,445,0,0
BRDA:136,455,0,0
BRDA:174,576,0,0
BRDA:175,586,0,0
BRDA:208,689,0,0
BRDA:209,699,0,0
BRDA:219,728,0,0
BRDA:223,728,1,0
BRDA:238,814,0,0
BRDA:239,824,0,0
BRDA:240,837,0,0
BRDA:258,899,0,0
BRDA:259,906,0,0
BRDA:271,938,0,0
BRDA:272,945,0,0
end_of_record
